<?xml version="1.0" encoding="UTF-8"?>
<robot generator="Robot 7.0.1 (Python 3.12.4 on win32)" generated="2024-12-31T11:38:12.689167" rpa="false" schemaversion="5">
<suite id="s1" name="ProjetoLoginToro" source="C:\Users\rebec\OneDrive\Área de Trabalho\DesafioToro\ProjetoLoginToro">
<suite id="s1-s1" name="Tests" source="C:\Users\rebec\OneDrive\Área de Trabalho\DesafioToro\ProjetoLoginToro\tests">
<suite id="s1-s1-s1" name="Login" source="C:\Users\rebec\OneDrive\Área de Trabalho\DesafioToro\ProjetoLoginToro\tests\login.robot">
<test id="s1-s1-s1-t1" name="TC1: Login with valid email and password" line="30">
<kw name="Run Keywords" owner="BuiltIn" type="SETUP">
<kw name="Open Browser" owner="SeleniumLibrary">
<msg time="2024-12-31T11:38:12.859878" level="INFO">Opening browser 'chrome' to base url 'https://app.toroinvestimentos.com.br/entrar'.</msg>
<arg>url=${BASE_URL}</arg>
<arg>browser=${BROWSER}</arg>
<doc>Opens a new browser instance to the optional ``url``.</doc>
<status status="PASS" start="2024-12-31T11:38:12.859878" elapsed="4.820496"/>
</kw>
<kw name="Maximize Browser Window" owner="SeleniumLibrary">
<doc>Maximizes current browser window.</doc>
<status status="PASS" start="2024-12-31T11:38:17.680374" elapsed="0.045626"/>
</kw>
<arg>Open Browser</arg>
<arg>url=${BASE_URL}</arg>
<arg>browser=${BROWSER}</arg>
<arg>AND</arg>
<arg>Maximize Browser Window</arg>
<doc>Executes all the given keywords in a sequence.</doc>
<status status="PASS" start="2024-12-31T11:38:12.857925" elapsed="4.868075"/>
</kw>
<kw name="Login with ${valid_email} and ${valid_password}" owner="login_page" source_name="Login with ${username} and ${password}">
<kw name="Fill in the Email or CPF field with ${username}" owner="login_page" source_name="Fill in the Email or CPF field with ${username}">
<kw name="Wait Until Element Is Visible" owner="SeleniumLibrary">
<arg>locator=${LOGIN_PAGE.username_field}</arg>
<doc>Waits until the element ``locator`` is visible.</doc>
<status status="PASS" start="2024-12-31T11:38:17.729002" elapsed="0.046276"/>
</kw>
<kw name="Input Text" owner="SeleniumLibrary">
<msg time="2024-12-31T11:38:17.776281" level="INFO">Typing text 'rebecacamilo.qa@gmail.com' into text field 'id:username'.</msg>
<arg>locator=${LOGIN_PAGE.username_field}</arg>
<arg>text=${username}</arg>
<doc>Types the given ``text`` into the text field identified by ``locator``.</doc>
<status status="PASS" start="2024-12-31T11:38:17.775278" elapsed="0.404339"/>
</kw>
<status status="PASS" start="2024-12-31T11:38:17.728001" elapsed="0.452613"/>
</kw>
<kw name="Fill in the Password field with ${password}" owner="login_page" source_name="Fill in the Password field with ${password}">
<kw name="Wait Until Element Is Visible" owner="SeleniumLibrary">
<arg>locator=${LOGIN_PAGE.password_field}</arg>
<doc>Waits until the element ``locator`` is visible.</doc>
<status status="PASS" start="2024-12-31T11:38:18.181616" elapsed="0.033052"/>
</kw>
<kw name="Input Text" owner="SeleniumLibrary">
<msg time="2024-12-31T11:38:18.214668" level="INFO">Typing text '3%pXRzzuCQ-bc7S' into text field 'id:password'.</msg>
<arg>locator=${LOGIN_PAGE.password_field}</arg>
<arg>text=${password}</arg>
<doc>Types the given ``text`` into the text field identified by ``locator``.</doc>
<status status="PASS" start="2024-12-31T11:38:18.214668" elapsed="0.281873"/>
</kw>
<status status="PASS" start="2024-12-31T11:38:18.180614" elapsed="0.315927"/>
</kw>
<kw name="Press Enter button" owner="login_page">
<kw name="Wait Until Element Is Enabled" owner="SeleniumLibrary">
<arg>locator=${LOGIN_PAGE.login_button}</arg>
<doc>Waits until the element ``locator`` is enabled.</doc>
<status status="PASS" start="2024-12-31T11:38:18.497543" elapsed="0.054275"/>
</kw>
<kw name="Click Element" owner="SeleniumLibrary">
<msg time="2024-12-31T11:38:18.552817" level="INFO">Clicking element 'xpath://button[@type='submit']'.</msg>
<arg>locator=${LOGIN_PAGE.login_button}</arg>
<doc>Click the element identified by ``locator``.</doc>
<status status="PASS" start="2024-12-31T11:38:18.551818" elapsed="0.182127"/>
</kw>
<status status="PASS" start="2024-12-31T11:38:18.496541" elapsed="0.237404"/>
</kw>
<status status="PASS" start="2024-12-31T11:38:17.727000" elapsed="1.006945"/>
</kw>
<kw name="Check if you were redirected to the homepage" owner="login_page">
<kw name="Wait Until Element Is Visible" owner="SeleniumLibrary">
<arg>${HOME_PAGE.saudation}</arg>
<arg>10s</arg>
<doc>Waits until the element ``locator`` is visible.</doc>
<status status="PASS" start="2024-12-31T11:38:18.735947" elapsed="4.665925"/>
</kw>
<kw name="Get Location" owner="SeleniumLibrary">
<msg time="2024-12-31T11:38:23.422029" level="INFO">${url} = https://app.toroinvestimentos.com.br/home/</msg>
<var>${url}</var>
<doc>Returns the current browser window URL.</doc>
<status status="PASS" start="2024-12-31T11:38:23.402907" elapsed="0.019122"/>
</kw>
<kw name="Should Contain" owner="BuiltIn">
<arg>container=${url}</arg>
<arg>item=/home</arg>
<doc>Fails if ``container`` does not contain ``item`` one or more times.</doc>
<status status="PASS" start="2024-12-31T11:38:23.423030" elapsed="0.000000"/>
</kw>
<status status="PASS" start="2024-12-31T11:38:18.735043" elapsed="4.688989"/>
</kw>
<kw name="Close Browser" owner="SeleniumLibrary" type="TEARDOWN">
<doc>Closes the current browser.</doc>
<status status="PASS" start="2024-12-31T11:38:23.425029" elapsed="2.194522"/>
</kw>
<tag>HAPPY PATH</tag>
<status status="PASS" start="2024-12-31T11:38:12.856981" elapsed="12.763606"/>
</test>
<test id="s1-s1-s1-t2" name="TC2: Login with valid cpf and password" line="35">
<kw name="Run Keywords" owner="BuiltIn" type="SETUP">
<kw name="Open Browser" owner="SeleniumLibrary">
<msg time="2024-12-31T11:38:25.624540" level="INFO">Opening browser 'chrome' to base url 'https://app.toroinvestimentos.com.br/entrar'.</msg>
<arg>url=${BASE_URL}</arg>
<arg>browser=${BROWSER}</arg>
<doc>Opens a new browser instance to the optional ``url``.</doc>
<status status="PASS" start="2024-12-31T11:38:25.623505" elapsed="5.043948"/>
</kw>
<kw name="Maximize Browser Window" owner="SeleniumLibrary">
<doc>Maximizes current browser window.</doc>
<status status="PASS" start="2024-12-31T11:38:30.668451" elapsed="0.050365"/>
</kw>
<arg>Open Browser</arg>
<arg>url=${BASE_URL}</arg>
<arg>browser=${BROWSER}</arg>
<arg>AND</arg>
<arg>Maximize Browser Window</arg>
<doc>Executes all the given keywords in a sequence.</doc>
<status status="PASS" start="2024-12-31T11:38:25.623505" elapsed="5.096313"/>
</kw>
<kw name="Login with ${valid_cpf} and ${valid_password}" owner="login_page" source_name="Login with ${username} and ${password}">
<kw name="Fill in the Email or CPF field with ${username}" owner="login_page" source_name="Fill in the Email or CPF field with ${username}">
<kw name="Wait Until Element Is Visible" owner="SeleniumLibrary">
<arg>locator=${LOGIN_PAGE.username_field}</arg>
<doc>Waits until the element ``locator`` is visible.</doc>
<status status="PASS" start="2024-12-31T11:38:30.722854" elapsed="0.054438"/>
</kw>
<kw name="Input Text" owner="SeleniumLibrary">
<msg time="2024-12-31T11:38:30.779295" level="INFO">Typing text '08491121412' into text field 'id:username'.</msg>
<arg>locator=${LOGIN_PAGE.username_field}</arg>
<arg>text=${username}</arg>
<doc>Types the given ``text`` into the text field identified by ``locator``.</doc>
<status status="PASS" start="2024-12-31T11:38:30.778293" elapsed="0.373020"/>
</kw>
<status status="PASS" start="2024-12-31T11:38:30.721826" elapsed="0.429487"/>
</kw>
<kw name="Fill in the Password field with ${password}" owner="login_page" source_name="Fill in the Password field with ${password}">
<kw name="Wait Until Element Is Visible" owner="SeleniumLibrary">
<arg>locator=${LOGIN_PAGE.password_field}</arg>
<doc>Waits until the element ``locator`` is visible.</doc>
<status status="PASS" start="2024-12-31T11:38:31.152318" elapsed="0.033672"/>
</kw>
<kw name="Input Text" owner="SeleniumLibrary">
<msg time="2024-12-31T11:38:31.186987" level="INFO">Typing text '3%pXRzzuCQ-bc7S' into text field 'id:password'.</msg>
<arg>locator=${LOGIN_PAGE.password_field}</arg>
<arg>text=${password}</arg>
<doc>Types the given ``text`` into the text field identified by ``locator``.</doc>
<status status="PASS" start="2024-12-31T11:38:31.185990" elapsed="0.263766"/>
</kw>
<status status="PASS" start="2024-12-31T11:38:31.152318" elapsed="0.298455"/>
</kw>
<kw name="Press Enter button" owner="login_page">
<kw name="Wait Until Element Is Enabled" owner="SeleniumLibrary">
<arg>locator=${LOGIN_PAGE.login_button}</arg>
<doc>Waits until the element ``locator`` is enabled.</doc>
<status status="PASS" start="2024-12-31T11:38:31.451773" elapsed="0.057058"/>
</kw>
<kw name="Click Element" owner="SeleniumLibrary">
<msg time="2024-12-31T11:38:31.511794" level="INFO">Clicking element 'xpath://button[@type='submit']'.</msg>
<arg>locator=${LOGIN_PAGE.login_button}</arg>
<doc>Click the element identified by ``locator``.</doc>
<status status="PASS" start="2024-12-31T11:38:31.509837" elapsed="0.248657"/>
</kw>
<status status="PASS" start="2024-12-31T11:38:31.450773" elapsed="0.307721"/>
</kw>
<status status="PASS" start="2024-12-31T11:38:30.720905" elapsed="1.037589"/>
</kw>
<kw name="Check if you were redirected to the homepage" owner="login_page">
<kw name="Wait Until Element Is Visible" owner="SeleniumLibrary">
<arg>${HOME_PAGE.saudation}</arg>
<arg>10s</arg>
<doc>Waits until the element ``locator`` is visible.</doc>
<status status="PASS" start="2024-12-31T11:38:31.762448" elapsed="5.733602"/>
</kw>
<kw name="Get Location" owner="SeleniumLibrary">
<msg time="2024-12-31T11:38:37.519168" level="INFO">${url} = https://app.toroinvestimentos.com.br/home/</msg>
<var>${url}</var>
<doc>Returns the current browser window URL.</doc>
<status status="PASS" start="2024-12-31T11:38:37.496050" elapsed="0.024117"/>
</kw>
<kw name="Should Contain" owner="BuiltIn">
<arg>container=${url}</arg>
<arg>item=/home</arg>
<doc>Fails if ``container`` does not contain ``item`` one or more times.</doc>
<status status="PASS" start="2024-12-31T11:38:37.520167" elapsed="0.002000"/>
</kw>
<status status="PASS" start="2024-12-31T11:38:31.760491" elapsed="5.762699"/>
</kw>
<kw name="Close Browser" owner="SeleniumLibrary" type="TEARDOWN">
<doc>Closes the current browser.</doc>
<status status="PASS" start="2024-12-31T11:38:37.524176" elapsed="2.236426"/>
</kw>
<tag>HAPPY PATH</tag>
<status status="PASS" start="2024-12-31T11:38:25.621549" elapsed="14.141055"/>
</test>
<test id="s1-s1-s1-t3" name="TC4: Login with invalid email" line="40">
<kw name="Run Keywords" owner="BuiltIn" type="SETUP">
<kw name="Open Browser" owner="SeleniumLibrary">
<msg time="2024-12-31T11:38:39.771614" level="INFO">Opening browser 'chrome' to base url 'https://app.toroinvestimentos.com.br/entrar'.</msg>
<arg>url=${BASE_URL}</arg>
<arg>browser=${BROWSER}</arg>
<doc>Opens a new browser instance to the optional ``url``.</doc>
<status status="PASS" start="2024-12-31T11:38:39.770614" elapsed="4.928588"/>
</kw>
<kw name="Maximize Browser Window" owner="SeleniumLibrary">
<doc>Maximizes current browser window.</doc>
<status status="PASS" start="2024-12-31T11:38:44.700455" elapsed="0.049583"/>
</kw>
<arg>Open Browser</arg>
<arg>url=${BASE_URL}</arg>
<arg>browser=${BROWSER}</arg>
<arg>AND</arg>
<arg>Maximize Browser Window</arg>
<doc>Executes all the given keywords in a sequence.</doc>
<status status="PASS" start="2024-12-31T11:38:39.768596" elapsed="4.981442"/>
</kw>
<kw name="Login with ${invalid_email} and ${valid_password}" owner="login_page" source_name="Login with ${username} and ${password}">
<kw name="Fill in the Email or CPF field with ${username}" owner="login_page" source_name="Fill in the Email or CPF field with ${username}">
<kw name="Wait Until Element Is Visible" owner="SeleniumLibrary">
<arg>locator=${LOGIN_PAGE.username_field}</arg>
<doc>Waits until the element ``locator`` is visible.</doc>
<status status="PASS" start="2024-12-31T11:38:44.754043" elapsed="0.035331"/>
</kw>
<kw name="Input Text" owner="SeleniumLibrary">
<msg time="2024-12-31T11:38:44.791365" level="INFO">Typing text 'rebecacamilo/qa@gmail.com' into text field 'id:username'.</msg>
<arg>locator=${LOGIN_PAGE.username_field}</arg>
<arg>text=${username}</arg>
<doc>Types the given ``text`` into the text field identified by ``locator``.</doc>
<status status="PASS" start="2024-12-31T11:38:44.789374" elapsed="0.344242"/>
</kw>
<status status="PASS" start="2024-12-31T11:38:44.753046" elapsed="0.380570"/>
</kw>
<kw name="Fill in the Password field with ${password}" owner="login_page" source_name="Fill in the Password field with ${password}">
<kw name="Wait Until Element Is Visible" owner="SeleniumLibrary">
<arg>locator=${LOGIN_PAGE.password_field}</arg>
<doc>Waits until the element ``locator`` is visible.</doc>
<status status="PASS" start="2024-12-31T11:38:45.135624" elapsed="0.032993"/>
</kw>
<kw name="Input Text" owner="SeleniumLibrary">
<msg time="2024-12-31T11:38:45.169641" level="INFO">Typing text '3%pXRzzuCQ-bc7S' into text field 'id:password'.</msg>
<arg>locator=${LOGIN_PAGE.password_field}</arg>
<arg>text=${password}</arg>
<doc>Types the given ``text`` into the text field identified by ``locator``.</doc>
<status status="PASS" start="2024-12-31T11:38:45.168617" elapsed="0.358818"/>
</kw>
<status status="PASS" start="2024-12-31T11:38:45.134624" elapsed="0.392811"/>
</kw>
<kw name="Press Enter button" owner="login_page">
<kw name="Wait Until Element Is Enabled" owner="SeleniumLibrary">
<arg>locator=${LOGIN_PAGE.login_button}</arg>
<doc>Waits until the element ``locator`` is enabled.</doc>
<status status="PASS" start="2024-12-31T11:38:45.528436" elapsed="0.039783"/>
</kw>
<kw name="Click Element" owner="SeleniumLibrary">
<msg time="2024-12-31T11:38:45.569238" level="INFO">Clicking element 'xpath://button[@type='submit']'.</msg>
<arg>locator=${LOGIN_PAGE.login_button}</arg>
<doc>Click the element identified by ``locator``.</doc>
<status status="PASS" start="2024-12-31T11:38:45.568219" elapsed="0.165707"/>
</kw>
<status status="PASS" start="2024-12-31T11:38:45.527435" elapsed="0.206491"/>
</kw>
<status status="PASS" start="2024-12-31T11:38:44.752039" elapsed="0.981887"/>
</kw>
<kw name="Check login error message ${login_error_message}" owner="login_page" source_name="Check login error message ${message}">
<kw name="Check error ${message} in ${LOGIN_PAGE.login_error_message}" owner="login_page" source_name="Check error ${message} in ${field}">
<kw name="Wait Until Element Is Visible" owner="SeleniumLibrary">
<arg>${field}</arg>
<doc>Waits until the element ``locator`` is visible.</doc>
<status status="PASS" start="2024-12-31T11:38:45.736970" elapsed="1.999534"/>
</kw>
<kw name="Get Text" owner="SeleniumLibrary">
<msg time="2024-12-31T11:38:47.767455" level="INFO">${obtained_message} = Dados incorretos. Digite novamente.</msg>
<var>${obtained_message}</var>
<arg>locator=${field}</arg>
<doc>Returns the text value of the element identified by ``locator``.</doc>
<status status="PASS" start="2024-12-31T11:38:47.736504" elapsed="0.030951"/>
</kw>
<kw name="Set Variable" owner="BuiltIn">
<msg time="2024-12-31T11:38:47.767455" level="INFO">${expected_message} = Dados incorretos. Digite novamente.</msg>
<var>${expected_message}</var>
<arg>${message}</arg>
<doc>Returns the given values which can then be assigned to a variables.</doc>
<status status="PASS" start="2024-12-31T11:38:47.767455" elapsed="0.000000"/>
</kw>
<kw name="Should Be Equal" owner="BuiltIn">
<arg>first=${obtained_message}</arg>
<arg>second=${expected_message}</arg>
<doc>Fails if the given objects are unequal.</doc>
<status status="PASS" start="2024-12-31T11:38:47.768464" elapsed="0.000000"/>
</kw>
<status status="PASS" start="2024-12-31T11:38:45.735959" elapsed="2.032505"/>
</kw>
<status status="PASS" start="2024-12-31T11:38:45.734975" elapsed="2.033489"/>
</kw>
<kw name="Close Browser" owner="SeleniumLibrary" type="TEARDOWN">
<doc>Closes the current browser.</doc>
<status status="PASS" start="2024-12-31T11:38:47.769451" elapsed="2.147912"/>
</kw>
<tag>UNHAPPY PATH</tag>
<status status="PASS" start="2024-12-31T11:38:39.765612" elapsed="10.153792"/>
</test>
<test id="s1-s1-s1-t4" name="TC5: Login with invalid cpf" line="45">
<kw name="Run Keywords" owner="BuiltIn" type="SETUP">
<kw name="Open Browser" owner="SeleniumLibrary">
<msg time="2024-12-31T11:38:49.926898" level="INFO">Opening browser 'chrome' to base url 'https://app.toroinvestimentos.com.br/entrar'.</msg>
<arg>url=${BASE_URL}</arg>
<arg>browser=${BROWSER}</arg>
<doc>Opens a new browser instance to the optional ``url``.</doc>
<status status="PASS" start="2024-12-31T11:38:49.925900" elapsed="5.300711"/>
</kw>
<kw name="Maximize Browser Window" owner="SeleniumLibrary">
<doc>Maximizes current browser window.</doc>
<status status="PASS" start="2024-12-31T11:38:55.226611" elapsed="0.067915"/>
</kw>
<arg>Open Browser</arg>
<arg>url=${BASE_URL}</arg>
<arg>browser=${BROWSER}</arg>
<arg>AND</arg>
<arg>Maximize Browser Window</arg>
<doc>Executes all the given keywords in a sequence.</doc>
<status status="PASS" start="2024-12-31T11:38:49.924898" elapsed="5.370629"/>
</kw>
<kw name="Login with ${invalid_cpf} and ${valid_password}" owner="login_page" source_name="Login with ${username} and ${password}">
<kw name="Fill in the Email or CPF field with ${username}" owner="login_page" source_name="Fill in the Email or CPF field with ${username}">
<kw name="Wait Until Element Is Visible" owner="SeleniumLibrary">
<arg>locator=${LOGIN_PAGE.username_field}</arg>
<doc>Waits until the element ``locator`` is visible.</doc>
<status status="PASS" start="2024-12-31T11:38:55.299085" elapsed="0.045970"/>
</kw>
<kw name="Input Text" owner="SeleniumLibrary">
<msg time="2024-12-31T11:38:55.349231" level="INFO">Typing text '11122233313' into text field 'id:username'.</msg>
<arg>locator=${LOGIN_PAGE.username_field}</arg>
<arg>text=${username}</arg>
<doc>Types the given ``text`` into the text field identified by ``locator``.</doc>
<status status="PASS" start="2024-12-31T11:38:55.346026" elapsed="0.249755"/>
</kw>
<status status="PASS" start="2024-12-31T11:38:55.298073" elapsed="0.297708"/>
</kw>
<kw name="Fill in the Password field with ${password}" owner="login_page" source_name="Fill in the Password field with ${password}">
<kw name="Wait Until Element Is Visible" owner="SeleniumLibrary">
<arg>locator=${LOGIN_PAGE.password_field}</arg>
<doc>Waits until the element ``locator`` is visible.</doc>
<status status="PASS" start="2024-12-31T11:38:55.597303" elapsed="0.043002"/>
</kw>
<kw name="Input Text" owner="SeleniumLibrary">
<msg time="2024-12-31T11:38:55.642308" level="INFO">Typing text '3%pXRzzuCQ-bc7S' into text field 'id:password'.</msg>
<arg>locator=${LOGIN_PAGE.password_field}</arg>
<arg>text=${password}</arg>
<doc>Types the given ``text`` into the text field identified by ``locator``.</doc>
<status status="PASS" start="2024-12-31T11:38:55.641304" elapsed="0.351332"/>
</kw>
<status status="PASS" start="2024-12-31T11:38:55.596290" elapsed="0.396346"/>
</kw>
<kw name="Press Enter button" owner="login_page">
<kw name="Wait Until Element Is Enabled" owner="SeleniumLibrary">
<arg>locator=${LOGIN_PAGE.login_button}</arg>
<doc>Waits until the element ``locator`` is enabled.</doc>
<status status="PASS" start="2024-12-31T11:38:55.994634" elapsed="0.044139"/>
</kw>
<kw name="Click Element" owner="SeleniumLibrary">
<msg time="2024-12-31T11:38:56.040818" level="INFO">Clicking element 'xpath://button[@type='submit']'.</msg>
<arg>locator=${LOGIN_PAGE.login_button}</arg>
<doc>Click the element identified by ``locator``.</doc>
<status status="PASS" start="2024-12-31T11:38:56.039886" elapsed="0.182850"/>
</kw>
<status status="PASS" start="2024-12-31T11:38:55.993634" elapsed="0.230066"/>
</kw>
<status status="PASS" start="2024-12-31T11:38:55.296647" elapsed="0.927053"/>
</kw>
<kw name="Check login error message ${login_error_message}" owner="login_page" source_name="Check login error message ${message}">
<kw name="Check error ${message} in ${LOGIN_PAGE.login_error_message}" owner="login_page" source_name="Check error ${message} in ${field}">
<kw name="Wait Until Element Is Visible" owner="SeleniumLibrary">
<arg>${field}</arg>
<doc>Waits until the element ``locator`` is visible.</doc>
<status status="PASS" start="2024-12-31T11:38:56.226700" elapsed="1.804718"/>
</kw>
<kw name="Get Text" owner="SeleniumLibrary">
<msg time="2024-12-31T11:38:58.060721" level="INFO">${obtained_message} = Dados incorretos. Digite novamente.</msg>
<var>${obtained_message}</var>
<arg>locator=${field}</arg>
<doc>Returns the text value of the element identified by ``locator``.</doc>
<status status="PASS" start="2024-12-31T11:38:58.031418" elapsed="0.029303"/>
</kw>
<kw name="Set Variable" owner="BuiltIn">
<msg time="2024-12-31T11:38:58.062605" level="INFO">${expected_message} = Dados incorretos. Digite novamente.</msg>
<var>${expected_message}</var>
<arg>${message}</arg>
<doc>Returns the given values which can then be assigned to a variables.</doc>
<status status="PASS" start="2024-12-31T11:38:58.061602" elapsed="0.002234"/>
</kw>
<kw name="Should Be Equal" owner="BuiltIn">
<arg>first=${obtained_message}</arg>
<arg>second=${expected_message}</arg>
<doc>Fails if the given objects are unequal.</doc>
<status status="PASS" start="2024-12-31T11:38:58.063836" elapsed="0.001017"/>
</kw>
<status status="PASS" start="2024-12-31T11:38:56.225712" elapsed="1.839141"/>
</kw>
<status status="PASS" start="2024-12-31T11:38:56.223700" elapsed="1.841153"/>
</kw>
<kw name="Close Browser" owner="SeleniumLibrary" type="TEARDOWN">
<doc>Closes the current browser.</doc>
<status status="PASS" start="2024-12-31T11:38:58.065901" elapsed="2.172086"/>
</kw>
<tag>UNHAPPY PATH</tag>
<status status="PASS" start="2024-12-31T11:38:49.922876" elapsed="10.316107"/>
</test>
<test id="s1-s1-s1-t5" name="TC6: Login with invalid password" line="50">
<kw name="Run Keywords" owner="BuiltIn" type="SETUP">
<kw name="Open Browser" owner="SeleniumLibrary">
<msg time="2024-12-31T11:39:00.245976" level="INFO">Opening browser 'chrome' to base url 'https://app.toroinvestimentos.com.br/entrar'.</msg>
<arg>url=${BASE_URL}</arg>
<arg>browser=${BROWSER}</arg>
<doc>Opens a new browser instance to the optional ``url``.</doc>
<status status="PASS" start="2024-12-31T11:39:00.245976" elapsed="5.040026"/>
</kw>
<kw name="Maximize Browser Window" owner="SeleniumLibrary">
<doc>Maximizes current browser window.</doc>
<status status="PASS" start="2024-12-31T11:39:05.286002" elapsed="0.073865"/>
</kw>
<arg>Open Browser</arg>
<arg>url=${BASE_URL}</arg>
<arg>browser=${BROWSER}</arg>
<arg>AND</arg>
<arg>Maximize Browser Window</arg>
<doc>Executes all the given keywords in a sequence.</doc>
<status status="PASS" start="2024-12-31T11:39:00.243979" elapsed="5.115888"/>
</kw>
<kw name="Login with ${valid_cpf} and ${invalid_password}" owner="login_page" source_name="Login with ${username} and ${password}">
<kw name="Fill in the Email or CPF field with ${username}" owner="login_page" source_name="Fill in the Email or CPF field with ${username}">
<kw name="Wait Until Element Is Visible" owner="SeleniumLibrary">
<arg>locator=${LOGIN_PAGE.username_field}</arg>
<doc>Waits until the element ``locator`` is visible.</doc>
<status status="PASS" start="2024-12-31T11:39:05.362795" elapsed="0.047167"/>
</kw>
<kw name="Input Text" owner="SeleniumLibrary">
<msg time="2024-12-31T11:39:05.411944" level="INFO">Typing text '08491121412' into text field 'id:username'.</msg>
<arg>locator=${LOGIN_PAGE.username_field}</arg>
<arg>text=${username}</arg>
<doc>Types the given ``text`` into the text field identified by ``locator``.</doc>
<status status="PASS" start="2024-12-31T11:39:05.409962" elapsed="0.281760"/>
</kw>
<status status="PASS" start="2024-12-31T11:39:05.362795" elapsed="0.329968"/>
</kw>
<kw name="Fill in the Password field with ${password}" owner="login_page" source_name="Fill in the Password field with ${password}">
<kw name="Wait Until Element Is Visible" owner="SeleniumLibrary">
<arg>locator=${LOGIN_PAGE.password_field}</arg>
<doc>Waits until the element ``locator`` is visible.</doc>
<status status="PASS" start="2024-12-31T11:39:05.694766" elapsed="0.060460"/>
</kw>
<kw name="Input Text" owner="SeleniumLibrary">
<msg time="2024-12-31T11:39:05.757217" level="INFO">Typing text 'teste%1234' into text field 'id:password'.</msg>
<arg>locator=${LOGIN_PAGE.password_field}</arg>
<arg>text=${password}</arg>
<doc>Types the given ``text`` into the text field identified by ``locator``.</doc>
<status status="PASS" start="2024-12-31T11:39:05.755226" elapsed="0.200651"/>
</kw>
<status status="PASS" start="2024-12-31T11:39:05.692763" elapsed="0.263114"/>
</kw>
<kw name="Press Enter button" owner="login_page">
<kw name="Wait Until Element Is Enabled" owner="SeleniumLibrary">
<arg>locator=${LOGIN_PAGE.login_button}</arg>
<doc>Waits until the element ``locator`` is enabled.</doc>
<status status="PASS" start="2024-12-31T11:39:05.956905" elapsed="0.034828"/>
</kw>
<kw name="Click Element" owner="SeleniumLibrary">
<msg time="2024-12-31T11:39:05.992772" level="INFO">Clicking element 'xpath://button[@type='submit']'.</msg>
<arg>locator=${LOGIN_PAGE.login_button}</arg>
<doc>Click the element identified by ``locator``.</doc>
<status status="PASS" start="2024-12-31T11:39:05.991733" elapsed="0.136898"/>
</kw>
<status status="PASS" start="2024-12-31T11:39:05.955877" elapsed="0.173936"/>
</kw>
<status status="PASS" start="2024-12-31T11:39:05.361789" elapsed="0.768024"/>
</kw>
<kw name="Check login error message ${login_error_message}" owner="login_page" source_name="Check login error message ${message}">
<kw name="Check error ${message} in ${LOGIN_PAGE.login_error_message}" owner="login_page" source_name="Check error ${message} in ${field}">
<kw name="Wait Until Element Is Visible" owner="SeleniumLibrary">
<arg>${field}</arg>
<doc>Waits until the element ``locator`` is visible.</doc>
<status status="PASS" start="2024-12-31T11:39:06.131940" elapsed="2.052565"/>
</kw>
<kw name="Get Text" owner="SeleniumLibrary">
<msg time="2024-12-31T11:39:08.212669" level="INFO">${obtained_message} = Dados incorretos. Digite novamente.</msg>
<var>${obtained_message}</var>
<arg>locator=${field}</arg>
<doc>Returns the text value of the element identified by ``locator``.</doc>
<status status="PASS" start="2024-12-31T11:39:08.184505" elapsed="0.029180"/>
</kw>
<kw name="Set Variable" owner="BuiltIn">
<msg time="2024-12-31T11:39:08.214680" level="INFO">${expected_message} = Dados incorretos. Digite novamente.</msg>
<var>${expected_message}</var>
<arg>${message}</arg>
<doc>Returns the given values which can then be assigned to a variables.</doc>
<status status="PASS" start="2024-12-31T11:39:08.213685" elapsed="0.000995"/>
</kw>
<kw name="Should Be Equal" owner="BuiltIn">
<arg>first=${obtained_message}</arg>
<arg>second=${expected_message}</arg>
<doc>Fails if the given objects are unequal.</doc>
<status status="PASS" start="2024-12-31T11:39:08.214680" elapsed="0.001001"/>
</kw>
<status status="PASS" start="2024-12-31T11:39:06.130889" elapsed="2.084792"/>
</kw>
<status status="PASS" start="2024-12-31T11:39:06.130889" elapsed="2.084792"/>
</kw>
<kw name="Close Browser" owner="SeleniumLibrary" type="TEARDOWN">
<doc>Closes the current browser.</doc>
<status status="PASS" start="2024-12-31T11:39:08.216683" elapsed="2.168944"/>
</kw>
<tag>UNHAPPY PATH</tag>
<status status="PASS" start="2024-12-31T11:39:00.242981" elapsed="10.143686"/>
</test>
<test id="s1-s1-s1-t6" name="TC8: Login with blank &quot;Email or CPF&quot; field" line="55">
<kw name="Run Keywords" owner="BuiltIn" type="SETUP">
<kw name="Open Browser" owner="SeleniumLibrary">
<msg time="2024-12-31T11:39:10.393709" level="INFO">Opening browser 'chrome' to base url 'https://app.toroinvestimentos.com.br/entrar'.</msg>
<arg>url=${BASE_URL}</arg>
<arg>browser=${BROWSER}</arg>
<doc>Opens a new browser instance to the optional ``url``.</doc>
<status status="PASS" start="2024-12-31T11:39:10.392667" elapsed="4.851012"/>
</kw>
<kw name="Maximize Browser Window" owner="SeleniumLibrary">
<doc>Maximizes current browser window.</doc>
<status status="PASS" start="2024-12-31T11:39:15.243679" elapsed="0.049785"/>
</kw>
<arg>Open Browser</arg>
<arg>url=${BASE_URL}</arg>
<arg>browser=${BROWSER}</arg>
<arg>AND</arg>
<arg>Maximize Browser Window</arg>
<doc>Executes all the given keywords in a sequence.</doc>
<status status="PASS" start="2024-12-31T11:39:10.391666" elapsed="4.901798"/>
</kw>
<kw name="Fill in the Password field with ${valid_password}" owner="login_page" source_name="Fill in the Password field with ${password}">
<kw name="Wait Until Element Is Visible" owner="SeleniumLibrary">
<arg>locator=${LOGIN_PAGE.password_field}</arg>
<doc>Waits until the element ``locator`` is visible.</doc>
<status status="PASS" start="2024-12-31T11:39:15.296479" elapsed="0.033750"/>
</kw>
<kw name="Input Text" owner="SeleniumLibrary">
<msg time="2024-12-31T11:39:15.331253" level="INFO">Typing text '3%pXRzzuCQ-bc7S' into text field 'id:password'.</msg>
<arg>locator=${LOGIN_PAGE.password_field}</arg>
<arg>text=${password}</arg>
<doc>Types the given ``text`` into the text field identified by ``locator``.</doc>
<status status="PASS" start="2024-12-31T11:39:15.330229" elapsed="0.260052"/>
</kw>
<status status="PASS" start="2024-12-31T11:39:15.295467" elapsed="0.295766"/>
</kw>
<kw name="Press Enter button" owner="login_page">
<kw name="Wait Until Element Is Enabled" owner="SeleniumLibrary">
<arg>locator=${LOGIN_PAGE.login_button}</arg>
<doc>Waits until the element ``locator`` is enabled.</doc>
<status status="PASS" start="2024-12-31T11:39:15.594277" elapsed="0.068420"/>
</kw>
<kw name="Click Element" owner="SeleniumLibrary">
<msg time="2024-12-31T11:39:15.664699" level="INFO">Clicking element 'xpath://button[@type='submit']'.</msg>
<arg>locator=${LOGIN_PAGE.login_button}</arg>
<doc>Click the element identified by ``locator``.</doc>
<status status="PASS" start="2024-12-31T11:39:15.662697" elapsed="0.177390"/>
</kw>
<status status="PASS" start="2024-12-31T11:39:15.592232" elapsed="0.247855"/>
</kw>
<kw name="Check ${email_error_message} for error in form fields" owner="login_page" source_name="Check ${message} for error in form fields">
<kw name="Check error ${message} in ${LOGIN_PAGE.fields_error_message}" owner="login_page" source_name="Check error ${message} in ${field}">
<kw name="Wait Until Element Is Visible" owner="SeleniumLibrary">
<arg>${field}</arg>
<doc>Waits until the element ``locator`` is visible.</doc>
<status status="PASS" start="2024-12-31T11:39:15.843094" elapsed="0.516233"/>
</kw>
<kw name="Get Text" owner="SeleniumLibrary">
<msg time="2024-12-31T11:39:16.388807" level="INFO">${obtained_message} = E-mail inválido</msg>
<var>${obtained_message}</var>
<arg>locator=${field}</arg>
<doc>Returns the text value of the element identified by ``locator``.</doc>
<status status="PASS" start="2024-12-31T11:39:16.360345" elapsed="0.028462"/>
</kw>
<kw name="Set Variable" owner="BuiltIn">
<msg time="2024-12-31T11:39:16.389799" level="INFO">${expected_message} = E-mail inválido</msg>
<var>${expected_message}</var>
<arg>${message}</arg>
<doc>Returns the given values which can then be assigned to a variables.</doc>
<status status="PASS" start="2024-12-31T11:39:16.388807" elapsed="0.000992"/>
</kw>
<kw name="Should Be Equal" owner="BuiltIn">
<arg>first=${obtained_message}</arg>
<arg>second=${expected_message}</arg>
<doc>Fails if the given objects are unequal.</doc>
<status status="PASS" start="2024-12-31T11:39:16.389799" elapsed="0.001108"/>
</kw>
<status status="PASS" start="2024-12-31T11:39:15.841141" elapsed="0.549766"/>
</kw>
<status status="PASS" start="2024-12-31T11:39:15.841141" elapsed="0.549766"/>
</kw>
<kw name="Close Browser" owner="SeleniumLibrary" type="TEARDOWN">
<doc>Closes the current browser.</doc>
<status status="PASS" start="2024-12-31T11:39:16.391801" elapsed="2.150360"/>
</kw>
<tag>UNHAPPY PATH</tag>
<status status="PASS" start="2024-12-31T11:39:10.389621" elapsed="8.153524"/>
</test>
<test id="s1-s1-s1-t7" name="TC9: Login with blank &quot;Password&quot; field" line="61">
<kw name="Run Keywords" owner="BuiltIn" type="SETUP">
<kw name="Open Browser" owner="SeleniumLibrary">
<msg time="2024-12-31T11:39:18.550147" level="INFO">Opening browser 'chrome' to base url 'https://app.toroinvestimentos.com.br/entrar'.</msg>
<arg>url=${BASE_URL}</arg>
<arg>browser=${BROWSER}</arg>
<doc>Opens a new browser instance to the optional ``url``.</doc>
<status status="PASS" start="2024-12-31T11:39:18.549151" elapsed="4.699302"/>
</kw>
<kw name="Maximize Browser Window" owner="SeleniumLibrary">
<doc>Maximizes current browser window.</doc>
<status status="PASS" start="2024-12-31T11:39:23.248960" elapsed="0.051690"/>
</kw>
<arg>Open Browser</arg>
<arg>url=${BASE_URL}</arg>
<arg>browser=${BROWSER}</arg>
<arg>AND</arg>
<arg>Maximize Browser Window</arg>
<doc>Executes all the given keywords in a sequence.</doc>
<status status="PASS" start="2024-12-31T11:39:18.548151" elapsed="4.752499"/>
</kw>
<kw name="Fill in the Email or CPF field with ${valid_email}" owner="login_page" source_name="Fill in the Email or CPF field with ${username}">
<kw name="Wait Until Element Is Visible" owner="SeleniumLibrary">
<arg>locator=${LOGIN_PAGE.username_field}</arg>
<doc>Waits until the element ``locator`` is visible.</doc>
<status status="PASS" start="2024-12-31T11:39:23.303653" elapsed="0.038943"/>
</kw>
<kw name="Input Text" owner="SeleniumLibrary">
<msg time="2024-12-31T11:39:23.344600" level="INFO">Typing text 'rebecacamilo.qa@gmail.com' into text field 'id:username'.</msg>
<arg>locator=${LOGIN_PAGE.username_field}</arg>
<arg>text=${username}</arg>
<doc>Types the given ``text`` into the text field identified by ``locator``.</doc>
<status status="PASS" start="2024-12-31T11:39:23.342596" elapsed="0.365241"/>
</kw>
<status status="PASS" start="2024-12-31T11:39:23.302647" elapsed="0.405190"/>
</kw>
<kw name="Press Enter button" owner="login_page">
<kw name="Wait Until Element Is Enabled" owner="SeleniumLibrary">
<arg>locator=${LOGIN_PAGE.login_button}</arg>
<doc>Waits until the element ``locator`` is enabled.</doc>
<status status="PASS" start="2024-12-31T11:39:23.710839" elapsed="0.075097"/>
</kw>
<kw name="Click Element" owner="SeleniumLibrary">
<msg time="2024-12-31T11:39:23.787992" level="INFO">Clicking element 'xpath://button[@type='submit']'.</msg>
<arg>locator=${LOGIN_PAGE.login_button}</arg>
<doc>Click the element identified by ``locator``.</doc>
<status status="PASS" start="2024-12-31T11:39:23.785936" elapsed="0.167190"/>
</kw>
<status status="PASS" start="2024-12-31T11:39:23.709800" elapsed="0.244315"/>
</kw>
<kw name="Check ${password_error_message} for error in form fields" owner="login_page" source_name="Check ${message} for error in form fields">
<kw name="Check error ${message} in ${LOGIN_PAGE.fields_error_message}" owner="login_page" source_name="Check error ${message} in ${field}">
<kw name="Wait Until Element Is Visible" owner="SeleniumLibrary">
<arg>${field}</arg>
<doc>Waits until the element ``locator`` is visible.</doc>
<status status="PASS" start="2024-12-31T11:39:23.958166" elapsed="0.481861"/>
</kw>
<kw name="Get Text" owner="SeleniumLibrary">
<msg time="2024-12-31T11:39:24.467321" level="INFO">${obtained_message} = Senha inválida</msg>
<var>${obtained_message}</var>
<arg>locator=${field}</arg>
<doc>Returns the text value of the element identified by ``locator``.</doc>
<status status="PASS" start="2024-12-31T11:39:24.440027" elapsed="0.027294"/>
</kw>
<kw name="Set Variable" owner="BuiltIn">
<msg time="2024-12-31T11:39:24.468323" level="INFO">${expected_message} = Senha inválida</msg>
<var>${expected_message}</var>
<arg>${message}</arg>
<doc>Returns the given values which can then be assigned to a variables.</doc>
<status status="PASS" start="2024-12-31T11:39:24.468323" elapsed="0.001039"/>
</kw>
<kw name="Should Be Equal" owner="BuiltIn">
<arg>first=${obtained_message}</arg>
<arg>second=${expected_message}</arg>
<doc>Fails if the given objects are unequal.</doc>
<status status="PASS" start="2024-12-31T11:39:24.469362" elapsed="0.000000"/>
</kw>
<status status="PASS" start="2024-12-31T11:39:23.956113" elapsed="0.513249"/>
</kw>
<status status="PASS" start="2024-12-31T11:39:23.955147" elapsed="0.515176"/>
</kw>
<kw name="Close Browser" owner="SeleniumLibrary" type="TEARDOWN">
<doc>Closes the current browser.</doc>
<status status="PASS" start="2024-12-31T11:39:24.470323" elapsed="2.146783"/>
</kw>
<tag>UNHAPPY PATH</tag>
<status status="PASS" start="2024-12-31T11:39:18.546146" elapsed="8.070960"/>
</test>
<status status="PASS" start="2024-12-31T11:38:12.716314" elapsed="73.901871"/>
</suite>
<status status="PASS" start="2024-12-31T11:38:12.712370" elapsed="73.909461"/>
</suite>
<status status="PASS" start="2024-12-31T11:38:12.692164" elapsed="73.932661"/>
</suite>
<statistics>
<total>
<stat pass="7" fail="0" skip="0">All Tests</stat>
</total>
<tag>
<stat pass="2" fail="0" skip="0">HAPPY PATH</stat>
<stat pass="5" fail="0" skip="0">UNHAPPY PATH</stat>
</tag>
<suite>
<stat pass="7" fail="0" skip="0" id="s1" name="ProjetoLoginToro">ProjetoLoginToro</stat>
<stat pass="7" fail="0" skip="0" id="s1-s1" name="Tests">ProjetoLoginToro.Tests</stat>
<stat pass="7" fail="0" skip="0" id="s1-s1-s1" name="Login">ProjetoLoginToro.Tests.Login</stat>
</suite>
</statistics>
<errors>
</errors>
</robot>
