<?xml version="1.0" encoding="UTF-8"?>
<robot generator="Robot 7.0.1 (Python 3.12.4 on win32)" generated="2025-01-01T18:47:05.224800" rpa="false" schemaversion="5">
<suite id="s1" name="ProjetoLoginToro" source="C:\Users\rebec\OneDrive\Área de Trabalho\DesafioToro\ProjetoLoginToro">
<suite id="s1-s1" name="Tests" source="C:\Users\rebec\OneDrive\Área de Trabalho\DesafioToro\ProjetoLoginToro\tests">
<suite id="s1-s1-s1" name="Login" source="C:\Users\rebec\OneDrive\Área de Trabalho\DesafioToro\ProjetoLoginToro\tests\login.robot">
<test id="s1-s1-s1-t1" name="TC1: Login with valid email and password" line="19">
<kw name="Open Browser" owner="SeleniumLibrary" type="SETUP">
<msg time="2025-01-01T18:47:05.394768" level="INFO">Opening browser 'chrome' to base url 'https://app.toroinvestimentos.com.br/entrar'.</msg>
<arg>url=${BASE_URL}</arg>
<arg>browser=${BROWSER}</arg>
<doc>Opens a new browser instance to the optional ``url``.</doc>
<status status="PASS" start="2025-01-01T18:47:05.394768" elapsed="5.597600"/>
</kw>
<kw name="Login with credentials" owner="login_page">
<kw name="Fill in the Email or CPF field" owner="login_page">
<kw name="Wait Until Element Is Visible" owner="SeleniumLibrary">
<arg>locator=${LOGIN_PAGE_LOCATORS.username_field}</arg>
<doc>Waits until the element ``locator`` is visible.</doc>
<status status="PASS" start="2025-01-01T18:47:10.996006" elapsed="0.043108"/>
</kw>
<kw name="Input Text" owner="SeleniumLibrary">
<msg time="2025-01-01T18:47:11.041700" level="INFO">Typing text 'rebecacamilo.qa@gmail.com' into text field 'id:username'.</msg>
<arg>locator=${LOGIN_PAGE_LOCATORS.username_field}</arg>
<arg>text=${USERNAME}</arg>
<doc>Types the given ``text`` into the text field identified by ``locator``.</doc>
<status status="PASS" start="2025-01-01T18:47:11.040672" elapsed="0.219946"/>
</kw>
<arg>${USERNAME}</arg>
<status status="PASS" start="2025-01-01T18:47:10.994935" elapsed="0.266701"/>
</kw>
<kw name="Fill in the Password field" owner="login_page">
<kw name="Wait Until Element Is Visible" owner="SeleniumLibrary">
<arg>locator=${LOGIN_PAGE_LOCATORS.password_field}</arg>
<doc>Waits until the element ``locator`` is visible.</doc>
<status status="PASS" start="2025-01-01T18:47:11.263039" elapsed="0.041543"/>
</kw>
<kw name="Input Text" owner="SeleniumLibrary">
<msg time="2025-01-01T18:47:11.306581" level="INFO">Typing text 'Senh@123' into text field 'id:password'.</msg>
<arg>locator=${LOGIN_PAGE_LOCATORS.password_field}</arg>
<arg>text=${PASSWORD}</arg>
<doc>Types the given ``text`` into the text field identified by ``locator``.</doc>
<status status="PASS" start="2025-01-01T18:47:11.305583" elapsed="0.252848"/>
</kw>
<arg>${PASSWORD}</arg>
<status status="PASS" start="2025-01-01T18:47:11.261636" elapsed="0.297793"/>
</kw>
<kw name="Press Enter button" owner="login_page">
<kw name="Wait Until Element Is Enabled" owner="SeleniumLibrary">
<arg>locator=${LOGIN_PAGE_LOCATORS.login_button}</arg>
<doc>Waits until the element ``locator`` is enabled.</doc>
<status status="PASS" start="2025-01-01T18:47:11.560435" elapsed="0.080639"/>
</kw>
<kw name="Click Element" owner="SeleniumLibrary">
<msg time="2025-01-01T18:47:11.642139" level="INFO">Clicking element 'xpath://button[@type='submit']'.</msg>
<arg>locator=${LOGIN_PAGE_LOCATORS.login_button}</arg>
<doc>Click the element identified by ``locator``.</doc>
<status status="PASS" start="2025-01-01T18:47:11.641074" elapsed="0.339918"/>
</kw>
<status status="PASS" start="2025-01-01T18:47:11.559429" elapsed="0.421563"/>
</kw>
<arg>${VALID_LOGIN_DATA["email"]}</arg>
<arg>${VALID_LOGIN_DATA["password"]}</arg>
<status status="PASS" start="2025-01-01T18:47:10.992928" elapsed="0.989112"/>
</kw>
<kw name="Check redirected to the homepage" owner="login_page">
<kw name="Wait Until Element Is Visible" owner="SeleniumLibrary">
<arg>${HOME_PAGE_LOCATORS.saudation}</arg>
<arg>15s</arg>
<doc>Waits until the element ``locator`` is visible.</doc>
<status status="PASS" start="2025-01-01T18:47:11.984015" elapsed="6.546531"/>
</kw>
<kw name="Get Location" owner="SeleniumLibrary">
<msg time="2025-01-01T18:47:18.554817" level="INFO">${url} = https://app.toroinvestimentos.com.br/home/</msg>
<var>${url}</var>
<doc>Returns the current browser window URL.</doc>
<status status="PASS" start="2025-01-01T18:47:18.531998" elapsed="0.023817"/>
</kw>
<kw name="Should Contain" owner="BuiltIn">
<arg>container=${url}</arg>
<arg>item=/home</arg>
<doc>Fails if ``container`` does not contain ``item`` one or more times.</doc>
<status status="PASS" start="2025-01-01T18:47:18.556813" elapsed="0.001007"/>
</kw>
<status status="PASS" start="2025-01-01T18:47:11.983031" elapsed="6.575785"/>
</kw>
<kw name="Close Browser" owner="SeleniumLibrary" type="TEARDOWN">
<doc>Closes the current browser.</doc>
<status status="PASS" start="2025-01-01T18:47:18.560402" elapsed="2.404527"/>
</kw>
<tag>HAPPY PATH</tag>
<status status="PASS" start="2025-01-01T18:47:05.392785" elapsed="15.573252"/>
</test>
<test id="s1-s1-s1-t2" name="TC2: Login with valid cpf and password" line="24">
<kw name="Open Browser" owner="SeleniumLibrary" type="SETUP">
<msg time="2025-01-01T18:47:20.976773" level="INFO">Opening browser 'chrome' to base url 'https://app.toroinvestimentos.com.br/entrar'.</msg>
<arg>url=${BASE_URL}</arg>
<arg>browser=${BROWSER}</arg>
<doc>Opens a new browser instance to the optional ``url``.</doc>
<status status="PASS" start="2025-01-01T18:47:20.974781" elapsed="6.157977"/>
</kw>
<kw name="Login with credentials" owner="login_page">
<kw name="Fill in the Email or CPF field" owner="login_page">
<kw name="Wait Until Element Is Visible" owner="SeleniumLibrary">
<arg>locator=${LOGIN_PAGE_LOCATORS.username_field}</arg>
<doc>Waits until the element ``locator`` is visible.</doc>
<status status="PASS" start="2025-01-01T18:47:27.138763" elapsed="0.067154"/>
</kw>
<kw name="Input Text" owner="SeleniumLibrary">
<msg time="2025-01-01T18:47:27.208917" level="INFO">Typing text '08491121412' into text field 'id:username'.</msg>
<arg>locator=${LOGIN_PAGE_LOCATORS.username_field}</arg>
<arg>text=${USERNAME}</arg>
<doc>Types the given ``text`` into the text field identified by ``locator``.</doc>
<status status="PASS" start="2025-01-01T18:47:27.206918" elapsed="0.265791"/>
</kw>
<arg>${USERNAME}</arg>
<status status="PASS" start="2025-01-01T18:47:27.137761" elapsed="0.335954"/>
</kw>
<kw name="Fill in the Password field" owner="login_page">
<kw name="Wait Until Element Is Visible" owner="SeleniumLibrary">
<arg>locator=${LOGIN_PAGE_LOCATORS.password_field}</arg>
<doc>Waits until the element ``locator`` is visible.</doc>
<status status="PASS" start="2025-01-01T18:47:27.475711" elapsed="0.109612"/>
</kw>
<kw name="Input Text" owner="SeleniumLibrary">
<msg time="2025-01-01T18:47:27.587322" level="INFO">Typing text 'Senh@123' into text field 'id:password'.</msg>
<arg>locator=${LOGIN_PAGE_LOCATORS.password_field}</arg>
<arg>text=${PASSWORD}</arg>
<doc>Types the given ``text`` into the text field identified by ``locator``.</doc>
<status status="PASS" start="2025-01-01T18:47:27.586320" elapsed="0.657450"/>
</kw>
<arg>${PASSWORD}</arg>
<status status="PASS" start="2025-01-01T18:47:27.473715" elapsed="0.770055"/>
</kw>
<kw name="Press Enter button" owner="login_page">
<kw name="Wait Until Element Is Enabled" owner="SeleniumLibrary">
<arg>locator=${LOGIN_PAGE_LOCATORS.login_button}</arg>
<doc>Waits until the element ``locator`` is enabled.</doc>
<status status="PASS" start="2025-01-01T18:47:28.245738" elapsed="0.066341"/>
</kw>
<kw name="Click Element" owner="SeleniumLibrary">
<msg time="2025-01-01T18:47:28.314097" level="INFO">Clicking element 'xpath://button[@type='submit']'.</msg>
<arg>locator=${LOGIN_PAGE_LOCATORS.login_button}</arg>
<doc>Click the element identified by ``locator``.</doc>
<status status="PASS" start="2025-01-01T18:47:28.312079" elapsed="0.220736"/>
</kw>
<status status="PASS" start="2025-01-01T18:47:28.243770" elapsed="0.290100"/>
</kw>
<arg>${VALID_LOGIN_DATA["cpf"]}</arg>
<arg>${VALID_LOGIN_DATA["password"]}</arg>
<status status="PASS" start="2025-01-01T18:47:27.133754" elapsed="1.400116"/>
</kw>
<kw name="Check redirected to the homepage" owner="login_page">
<kw name="Wait Until Element Is Visible" owner="SeleniumLibrary">
<arg>${HOME_PAGE_LOCATORS.saudation}</arg>
<arg>15s</arg>
<doc>Waits until the element ``locator`` is visible.</doc>
<status status="PASS" start="2025-01-01T18:47:28.535867" elapsed="5.887884"/>
</kw>
<kw name="Get Location" owner="SeleniumLibrary">
<msg time="2025-01-01T18:47:34.441625" level="INFO">${url} = https://app.toroinvestimentos.com.br/home/</msg>
<var>${url}</var>
<doc>Returns the current browser window URL.</doc>
<status status="PASS" start="2025-01-01T18:47:34.424752" elapsed="0.017868"/>
</kw>
<kw name="Should Contain" owner="BuiltIn">
<arg>container=${url}</arg>
<arg>item=/home</arg>
<doc>Fails if ``container`` does not contain ``item`` one or more times.</doc>
<status status="PASS" start="2025-01-01T18:47:34.442620" elapsed="0.000998"/>
</kw>
<status status="PASS" start="2025-01-01T18:47:28.534873" elapsed="5.909752"/>
</kw>
<kw name="Close Browser" owner="SeleniumLibrary" type="TEARDOWN">
<doc>Closes the current browser.</doc>
<status status="PASS" start="2025-01-01T18:47:34.445620" elapsed="2.244973"/>
</kw>
<tag>HAPPY PATH</tag>
<status status="PASS" start="2025-01-01T18:47:20.972799" elapsed="15.718655"/>
</test>
<test id="s1-s1-s1-t3" name="TC4: Login with invalid email" line="29">
<kw name="Open Browser" owner="SeleniumLibrary" type="SETUP">
<msg time="2025-01-01T18:47:36.694583" level="INFO">Opening browser 'chrome' to base url 'https://app.toroinvestimentos.com.br/entrar'.</msg>
<arg>url=${BASE_URL}</arg>
<arg>browser=${BROWSER}</arg>
<doc>Opens a new browser instance to the optional ``url``.</doc>
<status status="PASS" start="2025-01-01T18:47:36.693585" elapsed="5.498028"/>
</kw>
<kw name="Login with credentials" owner="login_page">
<kw name="Fill in the Email or CPF field" owner="login_page">
<kw name="Wait Until Element Is Visible" owner="SeleniumLibrary">
<arg>locator=${LOGIN_PAGE_LOCATORS.username_field}</arg>
<doc>Waits until the element ``locator`` is visible.</doc>
<status status="PASS" start="2025-01-01T18:47:42.196616" elapsed="0.059050"/>
</kw>
<kw name="Input Text" owner="SeleniumLibrary">
<msg time="2025-01-01T18:47:42.257666" level="INFO">Typing text 'rebecacamilo/qa@gmail.com' into text field 'id:username'.</msg>
<arg>locator=${LOGIN_PAGE_LOCATORS.username_field}</arg>
<arg>text=${USERNAME}</arg>
<doc>Types the given ``text`` into the text field identified by ``locator``.</doc>
<status status="PASS" start="2025-01-01T18:47:42.255666" elapsed="0.289369"/>
</kw>
<arg>${USERNAME}</arg>
<status status="PASS" start="2025-01-01T18:47:42.195612" elapsed="0.350429"/>
</kw>
<kw name="Fill in the Password field" owner="login_page">
<kw name="Wait Until Element Is Visible" owner="SeleniumLibrary">
<arg>locator=${LOGIN_PAGE_LOCATORS.password_field}</arg>
<doc>Waits until the element ``locator`` is visible.</doc>
<status status="PASS" start="2025-01-01T18:47:42.548033" elapsed="0.095542"/>
</kw>
<kw name="Input Text" owner="SeleniumLibrary">
<msg time="2025-01-01T18:47:42.645579" level="INFO">Typing text 'Senh@123' into text field 'id:password'.</msg>
<arg>locator=${LOGIN_PAGE_LOCATORS.password_field}</arg>
<arg>text=${PASSWORD}</arg>
<doc>Types the given ``text`` into the text field identified by ``locator``.</doc>
<status status="PASS" start="2025-01-01T18:47:42.643575" elapsed="0.376554"/>
</kw>
<arg>${PASSWORD}</arg>
<status status="PASS" start="2025-01-01T18:47:42.546041" elapsed="0.474088"/>
</kw>
<kw name="Press Enter button" owner="login_page">
<kw name="Wait Until Element Is Enabled" owner="SeleniumLibrary">
<arg>locator=${LOGIN_PAGE_LOCATORS.login_button}</arg>
<doc>Waits until the element ``locator`` is enabled.</doc>
<status status="PASS" start="2025-01-01T18:47:43.022129" elapsed="0.072833"/>
</kw>
<kw name="Click Element" owner="SeleniumLibrary">
<msg time="2025-01-01T18:47:43.096964" level="INFO">Clicking element 'xpath://button[@type='submit']'.</msg>
<arg>locator=${LOGIN_PAGE_LOCATORS.login_button}</arg>
<doc>Click the element identified by ``locator``.</doc>
<status status="PASS" start="2025-01-01T18:47:43.095968" elapsed="0.315663"/>
</kw>
<status status="PASS" start="2025-01-01T18:47:43.021132" elapsed="0.390499"/>
</kw>
<arg>${INVALID_LOGIN_DATA["email"]}</arg>
<arg>${VALID_LOGIN_DATA["password"]}</arg>
<status status="PASS" start="2025-01-01T18:47:42.193611" elapsed="1.218020"/>
</kw>
<kw name="Check login error message" owner="login_page">
<kw name="Check error ${MESSAGE} in ${LOGIN_PAGE_LOCATORS.login_error_message}" owner="login_page" source_name="Check error ${message} in ${field}">
<kw name="Wait Until Element Is Visible" owner="SeleniumLibrary">
<arg>${field}</arg>
<doc>Waits until the element ``locator`` is visible.</doc>
<status status="PASS" start="2025-01-01T18:47:43.416648" elapsed="0.975943"/>
</kw>
<kw name="Get Text" owner="SeleniumLibrary">
<msg time="2025-01-01T18:47:44.424504" level="INFO">${obtained_message} = Dados incorretos. Digite novamente.</msg>
<var>${obtained_message}</var>
<arg>locator=${field}</arg>
<doc>Returns the text value of the element identified by ``locator``.</doc>
<status status="PASS" start="2025-01-01T18:47:44.393596" elapsed="0.031962"/>
</kw>
<kw name="Set Variable" owner="BuiltIn">
<msg time="2025-01-01T18:47:44.426592" level="INFO">${expected_message} = Dados incorretos. Digite novamente.</msg>
<var>${expected_message}</var>
<arg>${message}</arg>
<doc>Returns the given values which can then be assigned to a variables.</doc>
<status status="PASS" start="2025-01-01T18:47:44.425558" elapsed="0.001034"/>
</kw>
<kw name="Should Be Equal" owner="BuiltIn">
<arg>first=${obtained_message}</arg>
<arg>second=${expected_message}</arg>
<doc>Fails if the given objects are unequal.</doc>
<status status="PASS" start="2025-01-01T18:47:44.427552" elapsed="0.001559"/>
</kw>
<status status="PASS" start="2025-01-01T18:47:43.414656" elapsed="1.014455"/>
</kw>
<arg>${ERROR_MESSAGES["login_fail"]}</arg>
<status status="PASS" start="2025-01-01T18:47:43.412634" elapsed="1.016477"/>
</kw>
<kw name="Close Browser" owner="SeleniumLibrary" type="TEARDOWN">
<doc>Closes the current browser.</doc>
<status status="PASS" start="2025-01-01T18:47:44.431124" elapsed="2.166438"/>
</kw>
<tag>UNHAPPY PATH</tag>
<status status="PASS" start="2025-01-01T18:47:36.692451" elapsed="9.907161"/>
</test>
<test id="s1-s1-s1-t4" name="TC5: Login with invalid cpf" line="34">
<kw name="Open Browser" owner="SeleniumLibrary" type="SETUP">
<msg time="2025-01-01T18:47:46.607659" level="INFO">Opening browser 'chrome' to base url 'https://app.toroinvestimentos.com.br/entrar'.</msg>
<arg>url=${BASE_URL}</arg>
<arg>browser=${BROWSER}</arg>
<doc>Opens a new browser instance to the optional ``url``.</doc>
<status status="PASS" start="2025-01-01T18:47:46.605555" elapsed="5.920000"/>
</kw>
<kw name="Login with credentials" owner="login_page">
<kw name="Fill in the Email or CPF field" owner="login_page">
<kw name="Wait Until Element Is Visible" owner="SeleniumLibrary">
<arg>locator=${LOGIN_PAGE_LOCATORS.username_field}</arg>
<doc>Waits until the element ``locator`` is visible.</doc>
<status status="PASS" start="2025-01-01T18:47:52.530560" elapsed="0.048623"/>
</kw>
<kw name="Input Text" owner="SeleniumLibrary">
<msg time="2025-01-01T18:47:52.581185" level="INFO">Typing text '11122233313' into text field 'id:username'.</msg>
<arg>locator=${LOGIN_PAGE_LOCATORS.username_field}</arg>
<arg>text=${USERNAME}</arg>
<doc>Types the given ``text`` into the text field identified by ``locator``.</doc>
<status status="PASS" start="2025-01-01T18:47:52.579183" elapsed="0.222198"/>
</kw>
<arg>${USERNAME}</arg>
<status status="PASS" start="2025-01-01T18:47:52.529557" elapsed="0.271824"/>
</kw>
<kw name="Fill in the Password field" owner="login_page">
<kw name="Wait Until Element Is Visible" owner="SeleniumLibrary">
<arg>locator=${LOGIN_PAGE_LOCATORS.password_field}</arg>
<doc>Waits until the element ``locator`` is visible.</doc>
<status status="PASS" start="2025-01-01T18:47:52.802382" elapsed="0.047053"/>
</kw>
<kw name="Input Text" owner="SeleniumLibrary">
<msg time="2025-01-01T18:47:52.851438" level="INFO">Typing text 'Senh@123' into text field 'id:password'.</msg>
<arg>locator=${LOGIN_PAGE_LOCATORS.password_field}</arg>
<arg>text=${PASSWORD}</arg>
<doc>Types the given ``text`` into the text field identified by ``locator``.</doc>
<status status="PASS" start="2025-01-01T18:47:52.850440" elapsed="0.374264"/>
</kw>
<arg>${PASSWORD}</arg>
<status status="PASS" start="2025-01-01T18:47:52.801381" elapsed="0.423323"/>
</kw>
<kw name="Press Enter button" owner="login_page">
<kw name="Wait Until Element Is Enabled" owner="SeleniumLibrary">
<arg>locator=${LOGIN_PAGE_LOCATORS.login_button}</arg>
<doc>Waits until the element ``locator`` is enabled.</doc>
<status status="PASS" start="2025-01-01T18:47:53.225710" elapsed="0.065231"/>
</kw>
<kw name="Click Element" owner="SeleniumLibrary">
<msg time="2025-01-01T18:47:53.292786" level="INFO">Clicking element 'xpath://button[@type='submit']'.</msg>
<arg>locator=${LOGIN_PAGE_LOCATORS.login_button}</arg>
<doc>Click the element identified by ``locator``.</doc>
<status status="PASS" start="2025-01-01T18:47:53.291563" elapsed="0.313679"/>
</kw>
<status status="PASS" start="2025-01-01T18:47:53.224704" elapsed="0.380538"/>
</kw>
<arg>${INVALID_LOGIN_DATA["cpf"]}</arg>
<arg>${VALID_LOGIN_DATA["password"]}</arg>
<status status="PASS" start="2025-01-01T18:47:52.527556" elapsed="1.078685"/>
</kw>
<kw name="Check login error message" owner="login_page">
<kw name="Check error ${MESSAGE} in ${LOGIN_PAGE_LOCATORS.login_error_message}" owner="login_page" source_name="Check error ${message} in ${field}">
<kw name="Wait Until Element Is Visible" owner="SeleniumLibrary">
<arg>${field}</arg>
<doc>Waits until the element ``locator`` is visible.</doc>
<status status="PASS" start="2025-01-01T18:47:53.610240" elapsed="0.964031"/>
</kw>
<kw name="Get Text" owner="SeleniumLibrary">
<msg time="2025-01-01T18:47:54.603038" level="INFO">${obtained_message} = Dados incorretos. Digite novamente.</msg>
<var>${obtained_message}</var>
<arg>locator=${field}</arg>
<doc>Returns the text value of the element identified by ``locator``.</doc>
<status status="PASS" start="2025-01-01T18:47:54.574271" elapsed="0.028767"/>
</kw>
<kw name="Set Variable" owner="BuiltIn">
<msg time="2025-01-01T18:47:54.605101" level="INFO">${expected_message} = Dados incorretos. Digite novamente.</msg>
<var>${expected_message}</var>
<arg>${message}</arg>
<doc>Returns the given values which can then be assigned to a variables.</doc>
<status status="PASS" start="2025-01-01T18:47:54.604149" elapsed="0.000952"/>
</kw>
<kw name="Should Be Equal" owner="BuiltIn">
<arg>first=${obtained_message}</arg>
<arg>second=${expected_message}</arg>
<doc>Fails if the given objects are unequal.</doc>
<status status="PASS" start="2025-01-01T18:47:54.605101" elapsed="0.001066"/>
</kw>
<status status="PASS" start="2025-01-01T18:47:53.608240" elapsed="0.997927"/>
</kw>
<arg>${ERROR_MESSAGES["login_fail"]}</arg>
<status status="PASS" start="2025-01-01T18:47:53.607240" elapsed="0.999917"/>
</kw>
<kw name="Close Browser" owner="SeleniumLibrary" type="TEARDOWN">
<doc>Closes the current browser.</doc>
<status status="PASS" start="2025-01-01T18:47:54.607157" elapsed="2.161696"/>
</kw>
<tag>UNHAPPY PATH</tag>
<status status="PASS" start="2025-01-01T18:47:46.603679" elapsed="10.167008"/>
</test>
<test id="s1-s1-s1-t5" name="TC6: Login with invalid password" line="39">
<kw name="Open Browser" owner="SeleniumLibrary" type="SETUP">
<msg time="2025-01-01T18:47:56.779738" level="INFO">Opening browser 'chrome' to base url 'https://app.toroinvestimentos.com.br/entrar'.</msg>
<arg>url=${BASE_URL}</arg>
<arg>browser=${BROWSER}</arg>
<doc>Opens a new browser instance to the optional ``url``.</doc>
<status status="PASS" start="2025-01-01T18:47:56.777717" elapsed="5.457360"/>
</kw>
<kw name="Login with credentials" owner="login_page">
<kw name="Fill in the Email or CPF field" owner="login_page">
<kw name="Wait Until Element Is Visible" owner="SeleniumLibrary">
<arg>locator=${LOGIN_PAGE_LOCATORS.username_field}</arg>
<doc>Waits until the element ``locator`` is visible.</doc>
<status status="PASS" start="2025-01-01T18:48:02.241075" elapsed="0.045294"/>
</kw>
<kw name="Input Text" owner="SeleniumLibrary">
<msg time="2025-01-01T18:48:02.288461" level="INFO">Typing text '08491121412' into text field 'id:username'.</msg>
<arg>locator=${LOGIN_PAGE_LOCATORS.username_field}</arg>
<arg>text=${USERNAME}</arg>
<doc>Types the given ``text`` into the text field identified by ``locator``.</doc>
<status status="PASS" start="2025-01-01T18:48:02.287459" elapsed="0.232591"/>
</kw>
<arg>${USERNAME}</arg>
<status status="PASS" start="2025-01-01T18:48:02.240100" elapsed="0.279950"/>
</kw>
<kw name="Fill in the Password field" owner="login_page">
<kw name="Wait Until Element Is Visible" owner="SeleniumLibrary">
<arg>locator=${LOGIN_PAGE_LOCATORS.password_field}</arg>
<doc>Waits until the element ``locator`` is visible.</doc>
<status status="PASS" start="2025-01-01T18:48:02.522078" elapsed="0.036622"/>
</kw>
<kw name="Input Text" owner="SeleniumLibrary">
<msg time="2025-01-01T18:48:02.560697" level="INFO">Typing text 'teste%1234' into text field 'id:password'.</msg>
<arg>locator=${LOGIN_PAGE_LOCATORS.password_field}</arg>
<arg>text=${PASSWORD}</arg>
<doc>Types the given ``text`` into the text field identified by ``locator``.</doc>
<status status="PASS" start="2025-01-01T18:48:02.558700" elapsed="0.430639"/>
</kw>
<arg>${PASSWORD}</arg>
<status status="PASS" start="2025-01-01T18:48:02.521049" elapsed="0.468290"/>
</kw>
<kw name="Press Enter button" owner="login_page">
<kw name="Wait Until Element Is Enabled" owner="SeleniumLibrary">
<arg>locator=${LOGIN_PAGE_LOCATORS.login_button}</arg>
<doc>Waits until the element ``locator`` is enabled.</doc>
<status status="PASS" start="2025-01-01T18:48:02.991358" elapsed="0.070516"/>
</kw>
<kw name="Click Element" owner="SeleniumLibrary">
<msg time="2025-01-01T18:48:03.063876" level="INFO">Clicking element 'xpath://button[@type='submit']'.</msg>
<arg>locator=${LOGIN_PAGE_LOCATORS.login_button}</arg>
<doc>Click the element identified by ``locator``.</doc>
<status status="PASS" start="2025-01-01T18:48:03.062879" elapsed="0.346081"/>
</kw>
<status status="PASS" start="2025-01-01T18:48:02.990359" elapsed="0.418601"/>
</kw>
<arg>${VALID_LOGIN_DATA["cpf"]}</arg>
<arg>${INVALID_LOGIN_DATA["password"]}</arg>
<status status="PASS" start="2025-01-01T18:48:02.237080" elapsed="1.171880"/>
</kw>
<kw name="Check login error message" owner="login_page">
<kw name="Check error ${MESSAGE} in ${LOGIN_PAGE_LOCATORS.login_error_message}" owner="login_page" source_name="Check error ${message} in ${field}">
<kw name="Wait Until Element Is Visible" owner="SeleniumLibrary">
<arg>${field}</arg>
<doc>Waits until the element ``locator`` is visible.</doc>
<status status="PASS" start="2025-01-01T18:48:03.413961" elapsed="1.907676"/>
</kw>
<kw name="Get Text" owner="SeleniumLibrary">
<msg time="2025-01-01T18:48:05.355704" level="INFO">${obtained_message} = Dados incorretos. Digite novamente.</msg>
<var>${obtained_message}</var>
<arg>locator=${field}</arg>
<doc>Returns the text value of the element identified by ``locator``.</doc>
<status status="PASS" start="2025-01-01T18:48:05.322747" elapsed="0.032957"/>
</kw>
<kw name="Set Variable" owner="BuiltIn">
<msg time="2025-01-01T18:48:05.356745" level="INFO">${expected_message} = Dados incorretos. Digite novamente.</msg>
<var>${expected_message}</var>
<arg>${message}</arg>
<doc>Returns the given values which can then be assigned to a variables.</doc>
<status status="PASS" start="2025-01-01T18:48:05.355704" elapsed="0.001941"/>
</kw>
<kw name="Should Be Equal" owner="BuiltIn">
<arg>first=${obtained_message}</arg>
<arg>second=${expected_message}</arg>
<doc>Fails if the given objects are unequal.</doc>
<status status="PASS" start="2025-01-01T18:48:05.357645" elapsed="0.000992"/>
</kw>
<status status="PASS" start="2025-01-01T18:48:03.411967" elapsed="1.947788"/>
</kw>
<arg>${ERROR_MESSAGES["login_fail"]}</arg>
<status status="PASS" start="2025-01-01T18:48:03.410965" elapsed="1.948790"/>
</kw>
<kw name="Close Browser" owner="SeleniumLibrary" type="TEARDOWN">
<doc>Closes the current browser.</doc>
<status status="PASS" start="2025-01-01T18:48:05.360762" elapsed="2.171100"/>
</kw>
<tag>UNHAPPY PATH</tag>
<status status="PASS" start="2025-01-01T18:47:56.775715" elapsed="10.758239"/>
</test>
<test id="s1-s1-s1-t6" name="TC8: Login with blank &quot;Email or CPF&quot; field" line="44">
<kw name="Open Browser" owner="SeleniumLibrary" type="SETUP">
<msg time="2025-01-01T18:48:07.540970" level="INFO">Opening browser 'chrome' to base url 'https://app.toroinvestimentos.com.br/entrar'.</msg>
<arg>url=${BASE_URL}</arg>
<arg>browser=${BROWSER}</arg>
<doc>Opens a new browser instance to the optional ``url``.</doc>
<status status="PASS" start="2025-01-01T18:48:07.539978" elapsed="5.425107"/>
</kw>
<kw name="Fill in the Password field" owner="login_page">
<kw name="Wait Until Element Is Visible" owner="SeleniumLibrary">
<arg>locator=${LOGIN_PAGE_LOCATORS.password_field}</arg>
<doc>Waits until the element ``locator`` is visible.</doc>
<status status="PASS" start="2025-01-01T18:48:12.969103" elapsed="0.058394"/>
</kw>
<kw name="Input Text" owner="SeleniumLibrary">
<msg time="2025-01-01T18:48:13.029498" level="INFO">Typing text 'Senh@123' into text field 'id:password'.</msg>
<arg>locator=${LOGIN_PAGE_LOCATORS.password_field}</arg>
<arg>text=${PASSWORD}</arg>
<doc>Types the given ``text`` into the text field identified by ``locator``.</doc>
<status status="PASS" start="2025-01-01T18:48:13.027497" elapsed="0.208457"/>
</kw>
<arg>${VALID_LOGIN_DATA["password"]}</arg>
<status status="PASS" start="2025-01-01T18:48:12.967151" elapsed="0.268803"/>
</kw>
<kw name="Press Enter button" owner="login_page">
<kw name="Wait Until Element Is Enabled" owner="SeleniumLibrary">
<arg>locator=${LOGIN_PAGE_LOCATORS.login_button}</arg>
<doc>Waits until the element ``locator`` is enabled.</doc>
<status status="PASS" start="2025-01-01T18:48:13.238954" elapsed="0.064903"/>
</kw>
<kw name="Click Element" owner="SeleniumLibrary">
<msg time="2025-01-01T18:48:13.305856" level="INFO">Clicking element 'xpath://button[@type='submit']'.</msg>
<arg>locator=${LOGIN_PAGE_LOCATORS.login_button}</arg>
<doc>Click the element identified by ``locator``.</doc>
<status status="PASS" start="2025-01-01T18:48:13.303857" elapsed="0.373139"/>
</kw>
<status status="PASS" start="2025-01-01T18:48:13.236954" elapsed="0.441041"/>
</kw>
<kw name="Check form field error message" owner="login_page">
<kw name="Check error ${MESSAGE} in ${LOGIN_PAGE_LOCATORS.fields_error_message}" owner="login_page" source_name="Check error ${message} in ${field}">
<kw name="Wait Until Element Is Visible" owner="SeleniumLibrary">
<arg>${field}</arg>
<doc>Waits until the element ``locator`` is visible.</doc>
<status status="PASS" start="2025-01-01T18:48:13.684615" elapsed="0.997553"/>
</kw>
<kw name="Get Text" owner="SeleniumLibrary">
<msg time="2025-01-01T18:48:14.738716" level="INFO">${obtained_message} = E-mail inválido</msg>
<var>${obtained_message}</var>
<arg>locator=${field}</arg>
<doc>Returns the text value of the element identified by ``locator``.</doc>
<status status="PASS" start="2025-01-01T18:48:14.683182" elapsed="0.056537"/>
</kw>
<kw name="Set Variable" owner="BuiltIn">
<msg time="2025-01-01T18:48:14.741725" level="INFO">${expected_message} = E-mail inválido</msg>
<var>${expected_message}</var>
<arg>${message}</arg>
<doc>Returns the given values which can then be assigned to a variables.</doc>
<status status="PASS" start="2025-01-01T18:48:14.740721" elapsed="0.001518"/>
</kw>
<kw name="Should Be Equal" owner="BuiltIn">
<arg>first=${obtained_message}</arg>
<arg>second=${expected_message}</arg>
<doc>Fails if the given objects are unequal.</doc>
<status status="PASS" start="2025-01-01T18:48:14.742239" elapsed="0.001023"/>
</kw>
<status status="PASS" start="2025-01-01T18:48:13.681623" elapsed="1.062693"/>
</kw>
<arg>${ERROR_MESSAGES["email"]}</arg>
<status status="PASS" start="2025-01-01T18:48:13.679390" elapsed="1.064926"/>
</kw>
<kw name="Close Browser" owner="SeleniumLibrary" type="TEARDOWN">
<doc>Closes the current browser.</doc>
<status status="PASS" start="2025-01-01T18:48:14.746360" elapsed="2.367050"/>
</kw>
<tag>UNHAPPY PATH</tag>
<status status="PASS" start="2025-01-01T18:48:07.537957" elapsed="9.576444"/>
</test>
<test id="s1-s1-s1-t7" name="TC9: Login with blank &quot;Password&quot; field" line="50">
<kw name="Open Browser" owner="SeleniumLibrary" type="SETUP">
<msg time="2025-01-01T18:48:17.119399" level="INFO">Opening browser 'chrome' to base url 'https://app.toroinvestimentos.com.br/entrar'.</msg>
<arg>url=${BASE_URL}</arg>
<arg>browser=${BROWSER}</arg>
<doc>Opens a new browser instance to the optional ``url``.</doc>
<status status="PASS" start="2025-01-01T18:48:17.118419" elapsed="6.771477"/>
</kw>
<kw name="Fill in the Email or CPF field" owner="login_page">
<kw name="Wait Until Element Is Visible" owner="SeleniumLibrary">
<arg>locator=${LOGIN_PAGE_LOCATORS.username_field}</arg>
<doc>Waits until the element ``locator`` is visible.</doc>
<status status="PASS" start="2025-01-01T18:48:23.897487" elapsed="0.121161"/>
</kw>
<kw name="Input Text" owner="SeleniumLibrary">
<msg time="2025-01-01T18:48:24.021802" level="INFO">Typing text 'rebecacamilo.qa@gmail.com' into text field 'id:username'.</msg>
<arg>locator=${LOGIN_PAGE_LOCATORS.username_field}</arg>
<arg>text=${USERNAME}</arg>
<doc>Types the given ``text`` into the text field identified by ``locator``.</doc>
<status status="PASS" start="2025-01-01T18:48:24.018648" elapsed="0.750075"/>
</kw>
<arg>${VALID_LOGIN_DATA["email"]}</arg>
<status status="PASS" start="2025-01-01T18:48:23.893453" elapsed="0.876268"/>
</kw>
<kw name="Press Enter button" owner="login_page">
<kw name="Wait Until Element Is Enabled" owner="SeleniumLibrary">
<arg>locator=${LOGIN_PAGE_LOCATORS.login_button}</arg>
<doc>Waits until the element ``locator`` is enabled.</doc>
<status status="PASS" start="2025-01-01T18:48:24.773276" elapsed="0.092283"/>
</kw>
<kw name="Click Element" owner="SeleniumLibrary">
<msg time="2025-01-01T18:48:24.867554" level="INFO">Clicking element 'xpath://button[@type='submit']'.</msg>
<arg>locator=${LOGIN_PAGE_LOCATORS.login_button}</arg>
<doc>Click the element identified by ``locator``.</doc>
<status status="PASS" start="2025-01-01T18:48:24.865559" elapsed="0.587055"/>
</kw>
<status status="PASS" start="2025-01-01T18:48:24.771245" elapsed="0.681369"/>
</kw>
<kw name="Check form field error message" owner="login_page">
<kw name="Check error ${MESSAGE} in ${LOGIN_PAGE_LOCATORS.fields_error_message}" owner="login_page" source_name="Check error ${message} in ${field}">
<kw name="Wait Until Element Is Visible" owner="SeleniumLibrary">
<arg>${field}</arg>
<doc>Waits until the element ``locator`` is visible.</doc>
<status status="PASS" start="2025-01-01T18:48:25.459630" elapsed="0.714628"/>
</kw>
<kw name="Get Text" owner="SeleniumLibrary">
<msg time="2025-01-01T18:48:26.264072" level="INFO">${obtained_message} = Senha inválida</msg>
<var>${obtained_message}</var>
<arg>locator=${field}</arg>
<doc>Returns the text value of the element identified by ``locator``.</doc>
<status status="PASS" start="2025-01-01T18:48:26.174258" elapsed="0.089814"/>
</kw>
<kw name="Set Variable" owner="BuiltIn">
<msg time="2025-01-01T18:48:26.267106" level="INFO">${expected_message} = Senha inválida</msg>
<var>${expected_message}</var>
<arg>${message}</arg>
<doc>Returns the given values which can then be assigned to a variables.</doc>
<status status="PASS" start="2025-01-01T18:48:26.265107" elapsed="0.003000"/>
</kw>
<kw name="Should Be Equal" owner="BuiltIn">
<arg>first=${obtained_message}</arg>
<arg>second=${expected_message}</arg>
<doc>Fails if the given objects are unequal.</doc>
<status status="PASS" start="2025-01-01T18:48:26.269100" elapsed="0.001002"/>
</kw>
<status status="PASS" start="2025-01-01T18:48:25.456629" elapsed="0.815057"/>
</kw>
<arg>${ERROR_MESSAGES["password"]}</arg>
<status status="PASS" start="2025-01-01T18:48:25.454629" elapsed="0.818091"/>
</kw>
<kw name="Close Browser" owner="SeleniumLibrary" type="TEARDOWN">
<doc>Closes the current browser.</doc>
<status status="PASS" start="2025-01-01T18:48:26.275329" elapsed="2.452965"/>
</kw>
<tag>UNHAPPY PATH</tag>
<status status="PASS" start="2025-01-01T18:48:17.116399" elapsed="11.613219"/>
</test>
<status status="PASS" start="2025-01-01T18:47:05.254497" elapsed="83.478673"/>
</suite>
<status status="PASS" start="2025-01-01T18:47:05.251487" elapsed="83.485968"/>
</suite>
<status status="PASS" start="2025-01-01T18:47:05.228746" elapsed="83.512101"/>
</suite>
<statistics>
<total>
<stat pass="7" fail="0" skip="0">All Tests</stat>
</total>
<tag>
<stat pass="2" fail="0" skip="0">HAPPY PATH</stat>
<stat pass="5" fail="0" skip="0">UNHAPPY PATH</stat>
</tag>
<suite>
<stat pass="7" fail="0" skip="0" id="s1" name="ProjetoLoginToro">ProjetoLoginToro</stat>
<stat pass="7" fail="0" skip="0" id="s1-s1" name="Tests">ProjetoLoginToro.Tests</stat>
<stat pass="7" fail="0" skip="0" id="s1-s1-s1" name="Login">ProjetoLoginToro.Tests.Login</stat>
</suite>
</statistics>
<errors>
</errors>
</robot>
