<?xml version="1.0" encoding="UTF-8"?>
<robot generator="Robot 7.0.1 (Python 3.12.4 on win32)" generated="2024-12-31T03:52:04.147063" rpa="false" schemaversion="5">
<suite id="s1" name="ProjetoLoginToro" source="C:\Users\rebec\OneDrive\Área de Trabalho\DesafioToro\ProjetoLoginToro">
<suite id="s1-s1" name="Tests" source="C:\Users\rebec\OneDrive\Área de Trabalho\DesafioToro\ProjetoLoginToro\tests">
<suite id="s1-s1-s1" name="Login" source="C:\Users\rebec\OneDrive\Área de Trabalho\DesafioToro\ProjetoLoginToro\tests\login.robot">
<test id="s1-s1-s1-t1" name="TC1: Login with valid email and password" line="30">
<kw name="Run Keywords" owner="BuiltIn" type="SETUP">
<kw name="Open Browser" owner="SeleniumLibrary">
<msg time="2024-12-31T03:52:04.306268" level="INFO">Opening browser 'chrome' to base url 'https://app.toroinvestimentos.com.br/entrar'.</msg>
<arg>url=${BASE_URL}</arg>
<arg>browser=${BROWSER}</arg>
<doc>Opens a new browser instance to the optional ``url``.</doc>
<status status="PASS" start="2024-12-31T03:52:04.305269" elapsed="5.743892"/>
</kw>
<kw name="Maximize Browser Window" owner="SeleniumLibrary">
<doc>Maximizes current browser window.</doc>
<status status="PASS" start="2024-12-31T03:52:10.049161" elapsed="0.097009"/>
</kw>
<arg>Open Browser</arg>
<arg>url=${BASE_URL}</arg>
<arg>browser=${BROWSER}</arg>
<arg>AND</arg>
<arg>Maximize Browser Window</arg>
<doc>Executes all the given keywords in a sequence.</doc>
<status status="PASS" start="2024-12-31T03:52:04.305269" elapsed="5.840901"/>
</kw>
<kw name="Login with ${valid_email} and ${valid_password}" owner="login_page" source_name="Login with ${username} and ${password}">
<kw name="Fill in the Email or CPF field with ${username}" owner="login_page" source_name="Fill in the Email or CPF field with ${username}">
<kw name="Wait Until Element Is Visible" owner="SeleniumLibrary">
<arg>locator=${LOGIN_PAGE.username_field}</arg>
<doc>Waits until the element ``locator`` is visible.</doc>
<status status="PASS" start="2024-12-31T03:52:10.151161" elapsed="0.062007"/>
</kw>
<kw name="Input Text" owner="SeleniumLibrary">
<msg time="2024-12-31T03:52:10.216165" level="INFO">Typing text 'rebecacamilo.qa@gmail.com' into text field 'id:username'.</msg>
<arg>locator=${LOGIN_PAGE.username_field}</arg>
<arg>text=${username}</arg>
<doc>Types the given ``text`` into the text field identified by ``locator``.</doc>
<status status="PASS" start="2024-12-31T03:52:10.214168" elapsed="0.894628"/>
</kw>
<status status="PASS" start="2024-12-31T03:52:10.149167" elapsed="0.959629"/>
</kw>
<kw name="Fill in the Password field with ${password}" owner="login_page" source_name="Fill in the Password field with ${password}">
<kw name="Wait Until Element Is Visible" owner="SeleniumLibrary">
<arg>locator=${LOGIN_PAGE.password_field}</arg>
<doc>Waits until the element ``locator`` is visible.</doc>
<status status="PASS" start="2024-12-31T03:52:11.110844" elapsed="0.041288"/>
</kw>
<kw name="Input Text" owner="SeleniumLibrary">
<msg time="2024-12-31T03:52:11.154237" level="INFO">Typing text '3%pXRzzuCQ-bc7S' into text field 'id:password'.</msg>
<arg>locator=${LOGIN_PAGE.password_field}</arg>
<arg>text=${password}</arg>
<doc>Types the given ``text`` into the text field identified by ``locator``.</doc>
<status status="PASS" start="2024-12-31T03:52:11.152132" elapsed="0.373616"/>
</kw>
<status status="PASS" start="2024-12-31T03:52:11.109839" elapsed="0.416909"/>
</kw>
<kw name="Press Enter button" owner="login_page">
<kw name="Wait Until Element Is Enabled" owner="SeleniumLibrary">
<arg>locator=${LOGIN_PAGE.login_button}</arg>
<doc>Waits until the element ``locator`` is enabled.</doc>
<status status="PASS" start="2024-12-31T03:52:11.527746" elapsed="0.062036"/>
</kw>
<kw name="Click Element" owner="SeleniumLibrary">
<msg time="2024-12-31T03:52:11.590830" level="INFO">Clicking element 'xpath://button[@type='submit']'.</msg>
<arg>locator=${LOGIN_PAGE.login_button}</arg>
<doc>Click the element identified by ``locator``.</doc>
<status status="PASS" start="2024-12-31T03:52:11.589782" elapsed="0.201305"/>
</kw>
<status status="PASS" start="2024-12-31T03:52:11.526748" elapsed="0.265370"/>
</kw>
<status status="PASS" start="2024-12-31T03:52:10.148163" elapsed="1.644122"/>
</kw>
<kw name="Check if you were redirected to the homepage" owner="login_page">
<kw name="Wait Until Element Is Visible" owner="SeleniumLibrary">
<arg>${HOME_PAGE.saudation}</arg>
<arg>10s</arg>
<doc>Waits until the element ``locator`` is visible.</doc>
<status status="PASS" start="2024-12-31T03:52:11.793813" elapsed="5.570322"/>
</kw>
<kw name="Get Location" owner="SeleniumLibrary">
<msg time="2024-12-31T03:52:17.531406" level="INFO">${url} = https://app.toroinvestimentos.com.br/home/</msg>
<var>${url}</var>
<doc>Returns the current browser window URL.</doc>
<status status="PASS" start="2024-12-31T03:52:17.365139" elapsed="0.167740"/>
</kw>
<kw name="Should Contain" owner="BuiltIn">
<arg>container=${url}</arg>
<arg>item=/home</arg>
<doc>Fails if ``container`` does not contain ``item`` one or more times.</doc>
<status status="PASS" start="2024-12-31T03:52:17.533901" elapsed="0.001014"/>
</kw>
<status status="PASS" start="2024-12-31T03:52:11.793813" elapsed="5.742088"/>
</kw>
<kw name="Close Browser" owner="SeleniumLibrary" type="TEARDOWN">
<doc>Closes the current browser.</doc>
<status status="PASS" start="2024-12-31T03:52:17.537311" elapsed="2.465337"/>
</kw>
<status status="PASS" start="2024-12-31T03:52:04.303258" elapsed="15.700391"/>
</test>
<test id="s1-s1-s1-t2" name="TC2: Login with valid cpf and password" line="34">
<kw name="Run Keywords" owner="BuiltIn" type="SETUP">
<kw name="Open Browser" owner="SeleniumLibrary">
<msg time="2024-12-31T03:52:20.006652" level="INFO">Opening browser 'chrome' to base url 'https://app.toroinvestimentos.com.br/entrar'.</msg>
<arg>url=${BASE_URL}</arg>
<arg>browser=${BROWSER}</arg>
<doc>Opens a new browser instance to the optional ``url``.</doc>
<status status="PASS" start="2024-12-31T03:52:20.006652" elapsed="5.588869"/>
</kw>
<kw name="Maximize Browser Window" owner="SeleniumLibrary">
<doc>Maximizes current browser window.</doc>
<status status="PASS" start="2024-12-31T03:52:25.596095" elapsed="0.108100"/>
</kw>
<arg>Open Browser</arg>
<arg>url=${BASE_URL}</arg>
<arg>browser=${BROWSER}</arg>
<arg>AND</arg>
<arg>Maximize Browser Window</arg>
<doc>Executes all the given keywords in a sequence.</doc>
<status status="PASS" start="2024-12-31T03:52:20.006652" elapsed="5.698543"/>
</kw>
<kw name="Login with ${valid_cpf} and ${valid_password}" owner="login_page" source_name="Login with ${username} and ${password}">
<kw name="Fill in the Email or CPF field with ${username}" owner="login_page" source_name="Fill in the Email or CPF field with ${username}">
<kw name="Wait Until Element Is Visible" owner="SeleniumLibrary">
<arg>locator=${LOGIN_PAGE.username_field}</arg>
<doc>Waits until the element ``locator`` is visible.</doc>
<status status="PASS" start="2024-12-31T03:52:25.711198" elapsed="0.080007"/>
</kw>
<kw name="Input Text" owner="SeleniumLibrary">
<msg time="2024-12-31T03:52:25.794749" level="INFO">Typing text '08491121412' into text field 'id:username'.</msg>
<arg>locator=${LOGIN_PAGE.username_field}</arg>
<arg>text=${username}</arg>
<doc>Types the given ``text`` into the text field identified by ``locator``.</doc>
<status status="PASS" start="2024-12-31T03:52:25.792205" elapsed="0.754893"/>
</kw>
<status status="PASS" start="2024-12-31T03:52:25.709195" elapsed="0.837903"/>
</kw>
<kw name="Fill in the Password field with ${password}" owner="login_page" source_name="Fill in the Password field with ${password}">
<kw name="Wait Until Element Is Visible" owner="SeleniumLibrary">
<arg>locator=${LOGIN_PAGE.password_field}</arg>
<doc>Waits until the element ``locator`` is visible.</doc>
<status status="PASS" start="2024-12-31T03:52:26.548142" elapsed="0.051218"/>
</kw>
<kw name="Input Text" owner="SeleniumLibrary">
<msg time="2024-12-31T03:52:26.601355" level="INFO">Typing text '3%pXRzzuCQ-bc7S' into text field 'id:password'.</msg>
<arg>locator=${LOGIN_PAGE.password_field}</arg>
<arg>text=${password}</arg>
<doc>Types the given ``text`` into the text field identified by ``locator``.</doc>
<status status="PASS" start="2024-12-31T03:52:26.600352" elapsed="0.413856"/>
</kw>
<status status="PASS" start="2024-12-31T03:52:26.547098" elapsed="0.467110"/>
</kw>
<kw name="Press Enter button" owner="login_page">
<kw name="Wait Until Element Is Enabled" owner="SeleniumLibrary">
<arg>locator=${LOGIN_PAGE.login_button}</arg>
<doc>Waits until the element ``locator`` is enabled.</doc>
<status status="PASS" start="2024-12-31T03:52:27.015229" elapsed="0.057567"/>
</kw>
<kw name="Click Element" owner="SeleniumLibrary">
<msg time="2024-12-31T03:52:27.074923" level="INFO">Clicking element 'xpath://button[@type='submit']'.</msg>
<arg>locator=${LOGIN_PAGE.login_button}</arg>
<doc>Click the element identified by ``locator``.</doc>
<status status="PASS" start="2024-12-31T03:52:27.073895" elapsed="0.220570"/>
</kw>
<status status="PASS" start="2024-12-31T03:52:27.015229" elapsed="0.279236"/>
</kw>
<status status="PASS" start="2024-12-31T03:52:25.706217" elapsed="1.588248"/>
</kw>
<kw name="Check if you were redirected to the homepage" owner="login_page">
<kw name="Wait Until Element Is Visible" owner="SeleniumLibrary">
<arg>${HOME_PAGE.saudation}</arg>
<arg>10s</arg>
<doc>Waits until the element ``locator`` is visible.</doc>
<status status="PASS" start="2024-12-31T03:52:27.296467" elapsed="5.528588"/>
</kw>
<kw name="Get Location" owner="SeleniumLibrary">
<msg time="2024-12-31T03:52:32.841057" level="INFO">${url} = https://app.toroinvestimentos.com.br/home/</msg>
<var>${url}</var>
<doc>Returns the current browser window URL.</doc>
<status status="PASS" start="2024-12-31T03:52:32.826054" elapsed="0.016002"/>
</kw>
<kw name="Should Contain" owner="BuiltIn">
<arg>container=${url}</arg>
<arg>item=/home</arg>
<doc>Fails if ``container`` does not contain ``item`` one or more times.</doc>
<status status="PASS" start="2024-12-31T03:52:32.842056" elapsed="0.001001"/>
</kw>
<status status="PASS" start="2024-12-31T03:52:27.296467" elapsed="5.546590"/>
</kw>
<kw name="Close Browser" owner="SeleniumLibrary" type="TEARDOWN">
<doc>Closes the current browser.</doc>
<status status="PASS" start="2024-12-31T03:52:32.845073" elapsed="2.277154"/>
</kw>
<status status="PASS" start="2024-12-31T03:52:20.005650" elapsed="15.118691"/>
</test>
<test id="s1-s1-s1-t3" name="TC4: Login with invalid email" line="38">
<kw name="Run Keywords" owner="BuiltIn" type="SETUP">
<kw name="Open Browser" owner="SeleniumLibrary">
<msg time="2024-12-31T03:52:35.133328" level="INFO">Opening browser 'chrome' to base url 'https://app.toroinvestimentos.com.br/entrar'.</msg>
<arg>url=${BASE_URL}</arg>
<arg>browser=${BROWSER}</arg>
<doc>Opens a new browser instance to the optional ``url``.</doc>
<status status="PASS" start="2024-12-31T03:52:35.132322" elapsed="5.111992"/>
</kw>
<kw name="Maximize Browser Window" owner="SeleniumLibrary">
<doc>Maximizes current browser window.</doc>
<status status="PASS" start="2024-12-31T03:52:40.244314" elapsed="0.100528"/>
</kw>
<arg>Open Browser</arg>
<arg>url=${BASE_URL}</arg>
<arg>browser=${BROWSER}</arg>
<arg>AND</arg>
<arg>Maximize Browser Window</arg>
<doc>Executes all the given keywords in a sequence.</doc>
<status status="PASS" start="2024-12-31T03:52:35.131318" elapsed="5.214527"/>
</kw>
<kw name="Login with ${invalid_email} and ${valid_password}" owner="login_page" source_name="Login with ${username} and ${password}">
<kw name="Fill in the Email or CPF field with ${username}" owner="login_page" source_name="Fill in the Email or CPF field with ${username}">
<kw name="Wait Until Element Is Visible" owner="SeleniumLibrary">
<arg>locator=${LOGIN_PAGE.username_field}</arg>
<doc>Waits until the element ``locator`` is visible.</doc>
<status status="PASS" start="2024-12-31T03:52:40.349809" elapsed="0.058010"/>
</kw>
<kw name="Input Text" owner="SeleniumLibrary">
<msg time="2024-12-31T03:52:40.409216" level="INFO">Typing text 'rebecacamilo/qa@gmail.com' into text field 'id:username'.</msg>
<arg>locator=${LOGIN_PAGE.username_field}</arg>
<arg>text=${username}</arg>
<doc>Types the given ``text`` into the text field identified by ``locator``.</doc>
<status status="PASS" start="2024-12-31T03:52:40.407819" elapsed="0.732991"/>
</kw>
<status status="PASS" start="2024-12-31T03:52:40.347813" elapsed="0.793986"/>
</kw>
<kw name="Fill in the Password field with ${password}" owner="login_page" source_name="Fill in the Password field with ${password}">
<kw name="Wait Until Element Is Visible" owner="SeleniumLibrary">
<arg>locator=${LOGIN_PAGE.password_field}</arg>
<doc>Waits until the element ``locator`` is visible.</doc>
<status status="PASS" start="2024-12-31T03:52:41.142799" elapsed="0.045303"/>
</kw>
<kw name="Input Text" owner="SeleniumLibrary">
<msg time="2024-12-31T03:52:41.190054" level="INFO">Typing text '3%pXRzzuCQ-bc7S' into text field 'id:password'.</msg>
<arg>locator=${LOGIN_PAGE.password_field}</arg>
<arg>text=${password}</arg>
<doc>Types the given ``text`` into the text field identified by ``locator``.</doc>
<status status="PASS" start="2024-12-31T03:52:41.188102" elapsed="0.429519"/>
</kw>
<status status="PASS" start="2024-12-31T03:52:41.141799" elapsed="0.475822"/>
</kw>
<kw name="Press Enter button" owner="login_page">
<kw name="Wait Until Element Is Enabled" owner="SeleniumLibrary">
<arg>locator=${LOGIN_PAGE.login_button}</arg>
<doc>Waits until the element ``locator`` is enabled.</doc>
<status status="PASS" start="2024-12-31T03:52:41.618630" elapsed="0.055355"/>
</kw>
<kw name="Click Element" owner="SeleniumLibrary">
<msg time="2024-12-31T03:52:41.675990" level="INFO">Clicking element 'xpath://button[@type='submit']'.</msg>
<arg>locator=${LOGIN_PAGE.login_button}</arg>
<doc>Click the element identified by ``locator``.</doc>
<status status="PASS" start="2024-12-31T03:52:41.673985" elapsed="0.196066"/>
</kw>
<status status="PASS" start="2024-12-31T03:52:41.618630" elapsed="0.251421"/>
</kw>
<status status="PASS" start="2024-12-31T03:52:40.346804" elapsed="1.524312"/>
</kw>
<kw name="Check login error message ${login_error_message}" owner="login_page" source_name="Check login error message ${message}">
<kw name="Verificar ${message} de erro no ${LOGIN_PAGE.login_error_message}" owner="login_page" source_name="Verificar ${message} de erro no ${field}">
<kw name="Wait Until Element Is Visible" owner="SeleniumLibrary">
<arg>${field}</arg>
<doc>Waits until the element ``locator`` is visible.</doc>
<status status="PASS" start="2024-12-31T03:52:41.874099" elapsed="2.057309"/>
</kw>
<kw name="Get Text" owner="SeleniumLibrary">
<msg time="2024-12-31T03:52:43.960771" level="INFO">${obtained_message} = Dados incorretos. Digite novamente.</msg>
<var>${obtained_message}</var>
<arg>locator=${field}</arg>
<doc>Returns the text value of the element identified by ``locator``.</doc>
<status status="PASS" start="2024-12-31T03:52:43.932395" elapsed="0.028376"/>
</kw>
<kw name="Set Variable" owner="BuiltIn">
<msg time="2024-12-31T03:52:43.961770" level="INFO">${expected_message} = Dados incorretos. Digite novamente.</msg>
<var>${expected_message}</var>
<arg>${message}</arg>
<doc>Returns the given values which can then be assigned to a variables.</doc>
<status status="PASS" start="2024-12-31T03:52:43.961770" elapsed="0.000000"/>
</kw>
<kw name="Should Be Equal" owner="BuiltIn">
<arg>first=${obtained_message}</arg>
<arg>second=${expected_message}</arg>
<doc>Fails if the given objects are unequal.</doc>
<status status="PASS" start="2024-12-31T03:52:43.962790" elapsed="0.000992"/>
</kw>
<status status="PASS" start="2024-12-31T03:52:41.873114" elapsed="2.091664"/>
</kw>
<status status="PASS" start="2024-12-31T03:52:41.872117" elapsed="2.092661"/>
</kw>
<kw name="Close Browser" owner="SeleniumLibrary" type="TEARDOWN">
<doc>Closes the current browser.</doc>
<status status="PASS" start="2024-12-31T03:52:43.966779" elapsed="2.203350"/>
</kw>
<status status="PASS" start="2024-12-31T03:52:35.128318" elapsed="11.044940"/>
</test>
<test id="s1-s1-s1-t4" name="TC5: Login with invalid cpf" line="42">
<kw name="Run Keywords" owner="BuiltIn" type="SETUP">
<kw name="Open Browser" owner="SeleniumLibrary">
<msg time="2024-12-31T03:52:46.181229" level="INFO">Opening browser 'chrome' to base url 'https://app.toroinvestimentos.com.br/entrar'.</msg>
<arg>url=${BASE_URL}</arg>
<arg>browser=${BROWSER}</arg>
<doc>Opens a new browser instance to the optional ``url``.</doc>
<status status="PASS" start="2024-12-31T03:52:46.180134" elapsed="5.126601"/>
</kw>
<kw name="Maximize Browser Window" owner="SeleniumLibrary">
<doc>Maximizes current browser window.</doc>
<status status="PASS" start="2024-12-31T03:52:51.307735" elapsed="0.115814"/>
</kw>
<arg>Open Browser</arg>
<arg>url=${BASE_URL}</arg>
<arg>browser=${BROWSER}</arg>
<arg>AND</arg>
<arg>Maximize Browser Window</arg>
<doc>Executes all the given keywords in a sequence.</doc>
<status status="PASS" start="2024-12-31T03:52:46.179146" elapsed="5.244403"/>
</kw>
<kw name="Login with ${invalid_cpf} and ${valid_password}" owner="login_page" source_name="Login with ${username} and ${password}">
<kw name="Fill in the Email or CPF field with ${username}" owner="login_page" source_name="Fill in the Email or CPF field with ${username}">
<kw name="Wait Until Element Is Visible" owner="SeleniumLibrary">
<arg>locator=${LOGIN_PAGE.username_field}</arg>
<doc>Waits until the element ``locator`` is visible.</doc>
<status status="PASS" start="2024-12-31T03:52:51.428549" elapsed="0.054999"/>
</kw>
<kw name="Input Text" owner="SeleniumLibrary">
<msg time="2024-12-31T03:52:51.486560" level="INFO">Typing text '11122233313' into text field 'id:username'.</msg>
<arg>locator=${LOGIN_PAGE.username_field}</arg>
<arg>text=${username}</arg>
<doc>Types the given ``text`` into the text field identified by ``locator``.</doc>
<status status="PASS" start="2024-12-31T03:52:51.484560" elapsed="0.671964"/>
</kw>
<status status="PASS" start="2024-12-31T03:52:51.426557" elapsed="0.729967"/>
</kw>
<kw name="Fill in the Password field with ${password}" owner="login_page" source_name="Fill in the Password field with ${password}">
<kw name="Wait Until Element Is Visible" owner="SeleniumLibrary">
<arg>locator=${LOGIN_PAGE.password_field}</arg>
<doc>Waits until the element ``locator`` is visible.</doc>
<status status="PASS" start="2024-12-31T03:52:52.158524" elapsed="0.041301"/>
</kw>
<kw name="Input Text" owner="SeleniumLibrary">
<msg time="2024-12-31T03:52:52.201926" level="INFO">Typing text '3%pXRzzuCQ-bc7S' into text field 'id:password'.</msg>
<arg>locator=${LOGIN_PAGE.password_field}</arg>
<arg>text=${password}</arg>
<doc>Types the given ``text`` into the text field identified by ``locator``.</doc>
<status status="PASS" start="2024-12-31T03:52:52.200920" elapsed="0.356972"/>
</kw>
<status status="PASS" start="2024-12-31T03:52:52.157521" elapsed="0.400371"/>
</kw>
<kw name="Press Enter button" owner="login_page">
<kw name="Wait Until Element Is Enabled" owner="SeleniumLibrary">
<arg>locator=${LOGIN_PAGE.login_button}</arg>
<doc>Waits until the element ``locator`` is enabled.</doc>
<status status="PASS" start="2024-12-31T03:52:52.558888" elapsed="0.054678"/>
</kw>
<kw name="Click Element" owner="SeleniumLibrary">
<msg time="2024-12-31T03:52:52.615664" level="INFO">Clicking element 'xpath://button[@type='submit']'.</msg>
<arg>locator=${LOGIN_PAGE.login_button}</arg>
<doc>Click the element identified by ``locator``.</doc>
<status status="PASS" start="2024-12-31T03:52:52.613566" elapsed="0.182113"/>
</kw>
<status status="PASS" start="2024-12-31T03:52:52.557892" elapsed="0.237787"/>
</kw>
<status status="PASS" start="2024-12-31T03:52:51.425548" elapsed="1.370131"/>
</kw>
<kw name="Check login error message ${login_error_message}" owner="login_page" source_name="Check login error message ${message}">
<kw name="Verificar ${message} de erro no ${LOGIN_PAGE.login_error_message}" owner="login_page" source_name="Verificar ${message} de erro no ${field}">
<kw name="Wait Until Element Is Visible" owner="SeleniumLibrary">
<arg>${field}</arg>
<doc>Waits until the element ``locator`` is visible.</doc>
<status status="PASS" start="2024-12-31T03:52:52.800780" elapsed="1.840102"/>
</kw>
<kw name="Get Text" owner="SeleniumLibrary">
<msg time="2024-12-31T03:52:54.662596" level="INFO">${obtained_message} = Dados incorretos. Digite novamente.</msg>
<var>${obtained_message}</var>
<arg>locator=${field}</arg>
<doc>Returns the text value of the element identified by ``locator``.</doc>
<status status="PASS" start="2024-12-31T03:52:54.641901" elapsed="0.021697"/>
</kw>
<kw name="Set Variable" owner="BuiltIn">
<msg time="2024-12-31T03:52:54.665594" level="INFO">${expected_message} = Dados incorretos. Digite novamente.</msg>
<var>${expected_message}</var>
<arg>${message}</arg>
<doc>Returns the given values which can then be assigned to a variables.</doc>
<status status="PASS" start="2024-12-31T03:52:54.664606" elapsed="0.000988"/>
</kw>
<kw name="Should Be Equal" owner="BuiltIn">
<arg>first=${obtained_message}</arg>
<arg>second=${expected_message}</arg>
<doc>Fails if the given objects are unequal.</doc>
<status status="PASS" start="2024-12-31T03:52:54.665594" elapsed="0.001004"/>
</kw>
<status status="PASS" start="2024-12-31T03:52:52.798727" elapsed="1.867871"/>
</kw>
<status status="PASS" start="2024-12-31T03:52:52.797687" elapsed="1.868911"/>
</kw>
<kw name="Close Browser" owner="SeleniumLibrary" type="TEARDOWN">
<doc>Closes the current browser.</doc>
<status status="PASS" start="2024-12-31T03:52:54.667727" elapsed="2.218658"/>
</kw>
<status status="PASS" start="2024-12-31T03:52:46.177227" elapsed="10.710436"/>
</test>
<test id="s1-s1-s1-t5" name="TC6: Login with invalid password" line="46">
<kw name="Run Keywords" owner="BuiltIn" type="SETUP">
<kw name="Open Browser" owner="SeleniumLibrary">
<msg time="2024-12-31T03:52:56.894685" level="INFO">Opening browser 'chrome' to base url 'https://app.toroinvestimentos.com.br/entrar'.</msg>
<arg>url=${BASE_URL}</arg>
<arg>browser=${BROWSER}</arg>
<doc>Opens a new browser instance to the optional ``url``.</doc>
<status status="PASS" start="2024-12-31T03:52:56.893686" elapsed="4.841482"/>
</kw>
<kw name="Maximize Browser Window" owner="SeleniumLibrary">
<doc>Maximizes current browser window.</doc>
<status status="PASS" start="2024-12-31T03:53:01.736125" elapsed="0.101296"/>
</kw>
<arg>Open Browser</arg>
<arg>url=${BASE_URL}</arg>
<arg>browser=${BROWSER}</arg>
<arg>AND</arg>
<arg>Maximize Browser Window</arg>
<doc>Executes all the given keywords in a sequence.</doc>
<status status="PASS" start="2024-12-31T03:52:56.892687" elapsed="4.944734"/>
</kw>
<kw name="Login with ${valid_cpf} and ${invalid_password}" owner="login_page" source_name="Login with ${username} and ${password}">
<kw name="Fill in the Email or CPF field with ${username}" owner="login_page" source_name="Fill in the Email or CPF field with ${username}">
<kw name="Wait Until Element Is Visible" owner="SeleniumLibrary">
<arg>locator=${LOGIN_PAGE.username_field}</arg>
<doc>Waits until the element ``locator`` is visible.</doc>
<status status="PASS" start="2024-12-31T03:53:01.840420" elapsed="0.056099"/>
</kw>
<kw name="Input Text" owner="SeleniumLibrary">
<msg time="2024-12-31T03:53:01.898546" level="INFO">Typing text '08491121412' into text field 'id:username'.</msg>
<arg>locator=${LOGIN_PAGE.username_field}</arg>
<arg>text=${username}</arg>
<doc>Types the given ``text`` into the text field identified by ``locator``.</doc>
<status status="PASS" start="2024-12-31T03:53:01.896519" elapsed="0.461713"/>
</kw>
<status status="PASS" start="2024-12-31T03:53:01.839419" elapsed="0.519822"/>
</kw>
<kw name="Fill in the Password field with ${password}" owner="login_page" source_name="Fill in the Password field with ${password}">
<kw name="Wait Until Element Is Visible" owner="SeleniumLibrary">
<arg>locator=${LOGIN_PAGE.password_field}</arg>
<doc>Waits until the element ``locator`` is visible.</doc>
<status status="PASS" start="2024-12-31T03:53:02.361274" elapsed="0.095995"/>
</kw>
<kw name="Input Text" owner="SeleniumLibrary">
<msg time="2024-12-31T03:53:02.460285" level="INFO">Typing text 'teste%1234' into text field 'id:password'.</msg>
<arg>locator=${LOGIN_PAGE.password_field}</arg>
<arg>text=${password}</arg>
<doc>Types the given ``text`` into the text field identified by ``locator``.</doc>
<status status="PASS" start="2024-12-31T03:53:02.458274" elapsed="0.426524"/>
</kw>
<status status="PASS" start="2024-12-31T03:53:02.360276" elapsed="0.525523"/>
</kw>
<kw name="Press Enter button" owner="login_page">
<kw name="Wait Until Element Is Enabled" owner="SeleniumLibrary">
<arg>locator=${LOGIN_PAGE.login_button}</arg>
<doc>Waits until the element ``locator`` is enabled.</doc>
<status status="PASS" start="2024-12-31T03:53:02.886796" elapsed="0.074408"/>
</kw>
<kw name="Click Element" owner="SeleniumLibrary">
<msg time="2024-12-31T03:53:02.963249" level="INFO">Clicking element 'xpath://button[@type='submit']'.</msg>
<arg>locator=${LOGIN_PAGE.login_button}</arg>
<doc>Click the element identified by ``locator``.</doc>
<status status="PASS" start="2024-12-31T03:53:02.962218" elapsed="0.205245"/>
</kw>
<status status="PASS" start="2024-12-31T03:53:02.885799" elapsed="0.282666"/>
</kw>
<status status="PASS" start="2024-12-31T03:53:01.838428" elapsed="1.330037"/>
</kw>
<kw name="Check login error message ${login_error_message}" owner="login_page" source_name="Check login error message ${message}">
<kw name="Verificar ${message} de erro no ${LOGIN_PAGE.login_error_message}" owner="login_page" source_name="Verificar ${message} de erro no ${field}">
<kw name="Wait Until Element Is Visible" owner="SeleniumLibrary">
<arg>${field}</arg>
<doc>Waits until the element ``locator`` is visible.</doc>
<status status="PASS" start="2024-12-31T03:53:03.171464" elapsed="0.968348"/>
</kw>
<kw name="Get Text" owner="SeleniumLibrary">
<msg time="2024-12-31T03:53:04.165929" level="INFO">${obtained_message} = Dados incorretos. Digite novamente.</msg>
<var>${obtained_message}</var>
<arg>locator=${field}</arg>
<doc>Returns the text value of the element identified by ``locator``.</doc>
<status status="PASS" start="2024-12-31T03:53:04.140832" elapsed="0.025097"/>
</kw>
<kw name="Set Variable" owner="BuiltIn">
<msg time="2024-12-31T03:53:04.167947" level="INFO">${expected_message} = Dados incorretos. Digite novamente.</msg>
<var>${expected_message}</var>
<arg>${message}</arg>
<doc>Returns the given values which can then be assigned to a variables.</doc>
<status status="PASS" start="2024-12-31T03:53:04.167047" elapsed="0.000900"/>
</kw>
<kw name="Should Be Equal" owner="BuiltIn">
<arg>first=${obtained_message}</arg>
<arg>second=${expected_message}</arg>
<doc>Fails if the given objects are unequal.</doc>
<status status="PASS" start="2024-12-31T03:53:04.167947" elapsed="0.001035"/>
</kw>
<status status="PASS" start="2024-12-31T03:53:03.170464" elapsed="0.998518"/>
</kw>
<status status="PASS" start="2024-12-31T03:53:03.169532" elapsed="0.999450"/>
</kw>
<kw name="Close Browser" owner="SeleniumLibrary" type="TEARDOWN">
<doc>Closes the current browser.</doc>
<status status="PASS" start="2024-12-31T03:53:04.169981" elapsed="2.212048"/>
</kw>
<status status="PASS" start="2024-12-31T03:52:56.890686" elapsed="9.492344"/>
</test>
<test id="s1-s1-s1-t6" name="TC8: Login with blank &quot;Email or CPF&quot; field" line="50">
<kw name="Run Keywords" owner="BuiltIn" type="SETUP">
<kw name="Open Browser" owner="SeleniumLibrary">
<msg time="2024-12-31T03:53:06.393121" level="INFO">Opening browser 'chrome' to base url 'https://app.toroinvestimentos.com.br/entrar'.</msg>
<arg>url=${BASE_URL}</arg>
<arg>browser=${BROWSER}</arg>
<doc>Opens a new browser instance to the optional ``url``.</doc>
<status status="PASS" start="2024-12-31T03:53:06.392120" elapsed="5.154450"/>
</kw>
<kw name="Maximize Browser Window" owner="SeleniumLibrary">
<doc>Maximizes current browser window.</doc>
<status status="PASS" start="2024-12-31T03:53:11.547620" elapsed="0.090569"/>
</kw>
<arg>Open Browser</arg>
<arg>url=${BASE_URL}</arg>
<arg>browser=${BROWSER}</arg>
<arg>AND</arg>
<arg>Maximize Browser Window</arg>
<doc>Executes all the given keywords in a sequence.</doc>
<status status="PASS" start="2024-12-31T03:53:06.390014" elapsed="5.248175"/>
</kw>
<kw name="Fill in the Password field with ${valid_password}" owner="login_page" source_name="Fill in the Password field with ${password}">
<kw name="Wait Until Element Is Visible" owner="SeleniumLibrary">
<arg>locator=${LOGIN_PAGE.password_field}</arg>
<doc>Waits until the element ``locator`` is visible.</doc>
<status status="PASS" start="2024-12-31T03:53:11.641162" elapsed="0.065869"/>
</kw>
<kw name="Input Text" owner="SeleniumLibrary">
<msg time="2024-12-31T03:53:11.709035" level="INFO">Typing text '3%pXRzzuCQ-bc7S' into text field 'id:password'.</msg>
<arg>locator=${LOGIN_PAGE.password_field}</arg>
<arg>text=${password}</arg>
<doc>Types the given ``text`` into the text field identified by ``locator``.</doc>
<status status="PASS" start="2024-12-31T03:53:11.708036" elapsed="0.476308"/>
</kw>
<status status="PASS" start="2024-12-31T03:53:11.639217" elapsed="0.545127"/>
</kw>
<kw name="Press Enter button" owner="login_page">
<kw name="Wait Until Element Is Enabled" owner="SeleniumLibrary">
<arg>locator=${LOGIN_PAGE.login_button}</arg>
<doc>Waits until the element ``locator`` is enabled.</doc>
<status status="PASS" start="2024-12-31T03:53:12.187348" elapsed="0.164823"/>
</kw>
<kw name="Click Element" owner="SeleniumLibrary">
<msg time="2024-12-31T03:53:12.355166" level="INFO">Clicking element 'xpath://button[@type='submit']'.</msg>
<arg>locator=${LOGIN_PAGE.login_button}</arg>
<doc>Click the element identified by ``locator``.</doc>
<status status="PASS" start="2024-12-31T03:53:12.353124" elapsed="0.324750"/>
</kw>
<status status="PASS" start="2024-12-31T03:53:12.185335" elapsed="0.493542"/>
</kw>
<kw name="Check ${email_error_message} for error in form fields" owner="login_page" source_name="Check ${message} for error in form fields">
<kw name="Verificar ${message} de erro no ${LOGIN_PAGE.fields_error_message}" owner="login_page" source_name="Verificar ${message} de erro no ${field}">
<kw name="Wait Until Element Is Visible" owner="SeleniumLibrary">
<arg>${field}</arg>
<doc>Waits until the element ``locator`` is visible.</doc>
<status status="PASS" start="2024-12-31T03:53:12.681922" elapsed="0.594863"/>
</kw>
<kw name="Get Text" owner="SeleniumLibrary">
<msg time="2024-12-31T03:53:13.311127" level="INFO">${obtained_message} = E-mail inválido</msg>
<var>${obtained_message}</var>
<arg>locator=${field}</arg>
<doc>Returns the text value of the element identified by ``locator``.</doc>
<status status="PASS" start="2024-12-31T03:53:13.276785" elapsed="0.034342"/>
</kw>
<kw name="Set Variable" owner="BuiltIn">
<msg time="2024-12-31T03:53:13.312051" level="INFO">${expected_message} = E-mail inválido</msg>
<var>${expected_message}</var>
<arg>${message}</arg>
<doc>Returns the given values which can then be assigned to a variables.</doc>
<status status="PASS" start="2024-12-31T03:53:13.311127" elapsed="0.001904"/>
</kw>
<kw name="Should Be Equal" owner="BuiltIn">
<arg>first=${obtained_message}</arg>
<arg>second=${expected_message}</arg>
<doc>Fails if the given objects are unequal.</doc>
<status status="PASS" start="2024-12-31T03:53:13.314029" elapsed="0.000000"/>
</kw>
<status status="PASS" start="2024-12-31T03:53:12.680927" elapsed="0.634222"/>
</kw>
<status status="PASS" start="2024-12-31T03:53:12.679879" elapsed="0.635270"/>
</kw>
<kw name="Close Browser" owner="SeleniumLibrary" type="TEARDOWN">
<doc>Closes the current browser.</doc>
<status status="PASS" start="2024-12-31T03:53:13.315961" elapsed="2.186420"/>
</kw>
<status status="PASS" start="2024-12-31T03:53:06.388116" elapsed="9.115265"/>
</test>
<test id="s1-s1-s1-t7" name="TC9: Login with blank &quot;Password&quot; field" line="55">
<kw name="Run Keywords" owner="BuiltIn" type="SETUP">
<kw name="Open Browser" owner="SeleniumLibrary">
<msg time="2024-12-31T03:53:15.512402" level="INFO">Opening browser 'chrome' to base url 'https://app.toroinvestimentos.com.br/entrar'.</msg>
<arg>url=${BASE_URL}</arg>
<arg>browser=${BROWSER}</arg>
<doc>Opens a new browser instance to the optional ``url``.</doc>
<status status="PASS" start="2024-12-31T03:53:15.511401" elapsed="5.763304"/>
</kw>
<kw name="Maximize Browser Window" owner="SeleniumLibrary">
<doc>Maximizes current browser window.</doc>
<status status="PASS" start="2024-12-31T03:53:21.274705" elapsed="0.133945"/>
</kw>
<arg>Open Browser</arg>
<arg>url=${BASE_URL}</arg>
<arg>browser=${BROWSER}</arg>
<arg>AND</arg>
<arg>Maximize Browser Window</arg>
<doc>Executes all the given keywords in a sequence.</doc>
<status status="PASS" start="2024-12-31T03:53:15.510382" elapsed="5.898268"/>
</kw>
<kw name="Fill in the Email or CPF field with ${valid_email}" owner="login_page" source_name="Fill in the Email or CPF field with ${username}">
<kw name="Wait Until Element Is Visible" owner="SeleniumLibrary">
<arg>locator=${LOGIN_PAGE.username_field}</arg>
<doc>Waits until the element ``locator`` is visible.</doc>
<status status="PASS" start="2024-12-31T03:53:21.411624" elapsed="0.067162"/>
</kw>
<kw name="Input Text" owner="SeleniumLibrary">
<msg time="2024-12-31T03:53:21.482799" level="INFO">Typing text 'rebecacamilo.qa@gmail.com' into text field 'id:username'.</msg>
<arg>locator=${LOGIN_PAGE.username_field}</arg>
<arg>text=${username}</arg>
<doc>Types the given ``text`` into the text field identified by ``locator``.</doc>
<status status="PASS" start="2024-12-31T03:53:21.479789" elapsed="0.881674"/>
</kw>
<status status="PASS" start="2024-12-31T03:53:21.410594" elapsed="0.950869"/>
</kw>
<kw name="Press Enter button" owner="login_page">
<kw name="Wait Until Element Is Enabled" owner="SeleniumLibrary">
<arg>locator=${LOGIN_PAGE.login_button}</arg>
<doc>Waits until the element ``locator`` is enabled.</doc>
<status status="PASS" start="2024-12-31T03:53:22.364483" elapsed="0.062131"/>
</kw>
<kw name="Click Element" owner="SeleniumLibrary">
<msg time="2024-12-31T03:53:22.429621" level="INFO">Clicking element 'xpath://button[@type='submit']'.</msg>
<arg>locator=${LOGIN_PAGE.login_button}</arg>
<doc>Click the element identified by ``locator``.</doc>
<status status="PASS" start="2024-12-31T03:53:22.426614" elapsed="0.294187"/>
</kw>
<status status="PASS" start="2024-12-31T03:53:22.363486" elapsed="0.357315"/>
</kw>
<kw name="Check ${password_error_message} for error in form fields" owner="login_page" source_name="Check ${message} for error in form fields">
<kw name="Verificar ${message} de erro no ${LOGIN_PAGE.fields_error_message}" owner="login_page" source_name="Verificar ${message} de erro no ${field}">
<kw name="Wait Until Element Is Visible" owner="SeleniumLibrary">
<arg>${field}</arg>
<doc>Waits until the element ``locator`` is visible.</doc>
<status status="PASS" start="2024-12-31T03:53:22.725802" elapsed="0.641149"/>
</kw>
<kw name="Get Text" owner="SeleniumLibrary">
<msg time="2024-12-31T03:53:23.415976" level="INFO">${obtained_message} = Senha inválida</msg>
<var>${obtained_message}</var>
<arg>locator=${field}</arg>
<doc>Returns the text value of the element identified by ``locator``.</doc>
<status status="PASS" start="2024-12-31T03:53:23.367608" elapsed="0.048368"/>
</kw>
<kw name="Set Variable" owner="BuiltIn">
<msg time="2024-12-31T03:53:23.416967" level="INFO">${expected_message} = Senha inválida</msg>
<var>${expected_message}</var>
<arg>${message}</arg>
<doc>Returns the given values which can then be assigned to a variables.</doc>
<status status="PASS" start="2024-12-31T03:53:23.416967" elapsed="0.000999"/>
</kw>
<kw name="Should Be Equal" owner="BuiltIn">
<arg>first=${obtained_message}</arg>
<arg>second=${expected_message}</arg>
<doc>Fails if the given objects are unequal.</doc>
<status status="PASS" start="2024-12-31T03:53:23.417966" elapsed="0.001000"/>
</kw>
<status status="PASS" start="2024-12-31T03:53:22.723800" elapsed="0.696311"/>
</kw>
<status status="PASS" start="2024-12-31T03:53:22.721805" elapsed="0.698306"/>
</kw>
<kw name="Close Browser" owner="SeleniumLibrary" type="TEARDOWN">
<doc>Closes the current browser.</doc>
<status status="PASS" start="2024-12-31T03:53:23.421667" elapsed="2.259778"/>
</kw>
<status status="PASS" start="2024-12-31T03:53:15.507395" elapsed="10.175543"/>
</test>
<status status="PASS" start="2024-12-31T03:52:04.169082" elapsed="81.517880"/>
</suite>
<status status="PASS" start="2024-12-31T03:52:04.167069" elapsed="81.524937"/>
</suite>
<status status="PASS" start="2024-12-31T03:52:04.150072" elapsed="81.545968"/>
</suite>
<statistics>
<total>
<stat pass="7" fail="0" skip="0">All Tests</stat>
</total>
<tag>
</tag>
<suite>
<stat pass="7" fail="0" skip="0" id="s1" name="ProjetoLoginToro">ProjetoLoginToro</stat>
<stat pass="7" fail="0" skip="0" id="s1-s1" name="Tests">ProjetoLoginToro.Tests</stat>
<stat pass="7" fail="0" skip="0" id="s1-s1-s1" name="Login">ProjetoLoginToro.Tests.Login</stat>
</suite>
</statistics>
<errors>
</errors>
</robot>
